=========================================================
2020-06-01 09:11:22,741 [线程ID:1] INFO  记录文件：Microsoft.Hosting.Lifetime - 消息：Now listening on: http://localhost:5000
2020-06-01 09:11:22,761 [线程ID:1] INFO  记录文件：Microsoft.Hosting.Lifetime - 消息：Application started. Press Ctrl+C to shut down.
2020-06-01 09:11:22,764 [线程ID:1] INFO  记录文件：Microsoft.Hosting.Lifetime - 消息：Hosting environment: Development
2020-06-01 09:11:22,766 [线程ID:1] INFO  记录文件：Microsoft.Hosting.Lifetime - 消息：Content root path: D:\work\CloudPlatform\coreApi\trunk\HXCloud\HXCloud.APIV2
=========================================================
2020-06-02 16:21:03,539 [线程ID:1] INFO  记录文件：Microsoft.Hosting.Lifetime - 消息：Now listening on: http://localhost:5000
2020-06-02 16:21:03,599 [线程ID:1] INFO  记录文件：Microsoft.Hosting.Lifetime - 消息：Application started. Press Ctrl+C to shut down.
2020-06-02 16:21:03,601 [线程ID:1] INFO  记录文件：Microsoft.Hosting.Lifetime - 消息：Hosting environment: Development
2020-06-02 16:21:03,602 [线程ID:1] INFO  记录文件：Microsoft.Hosting.Lifetime - 消息：Content root path: D:\work\CloudPlatform\coreApi\trunk\HXCloud\HXCloud.APIV2
=========================================================
2020-06-02 16:29:07,775 [线程ID:1] INFO  记录文件：Microsoft.Hosting.Lifetime - 消息：Now listening on: http://localhost:5000
2020-06-02 16:29:07,794 [线程ID:1] INFO  记录文件：Microsoft.Hosting.Lifetime - 消息：Application started. Press Ctrl+C to shut down.
2020-06-02 16:29:07,797 [线程ID:1] INFO  记录文件：Microsoft.Hosting.Lifetime - 消息：Hosting environment: Development
2020-06-02 16:29:07,799 [线程ID:1] INFO  记录文件：Microsoft.Hosting.Lifetime - 消息：Content root path: D:\work\CloudPlatform\coreApi\trunk\HXCloud\HXCloud.APIV2
=========================================================
2020-06-02 16:53:14,755 [线程ID:1] INFO  记录文件：Microsoft.Hosting.Lifetime - 消息：Now listening on: http://localhost:5000
2020-06-02 16:53:14,773 [线程ID:1] INFO  记录文件：Microsoft.Hosting.Lifetime - 消息：Application started. Press Ctrl+C to shut down.
2020-06-02 16:53:14,775 [线程ID:1] INFO  记录文件：Microsoft.Hosting.Lifetime - 消息：Hosting environment: Development
2020-06-02 16:53:14,778 [线程ID:1] INFO  记录文件：Microsoft.Hosting.Lifetime - 消息：Content root path: D:\work\CloudPlatform\coreApi\trunk\HXCloud\HXCloud.APIV2
=========================================================
2020-06-02 16:55:24,377 [线程ID:1] INFO  记录文件：Microsoft.Hosting.Lifetime - 消息：Now listening on: http://localhost:5000
2020-06-02 16:55:24,393 [线程ID:1] INFO  记录文件：Microsoft.Hosting.Lifetime - 消息：Application started. Press Ctrl+C to shut down.
2020-06-02 16:55:24,395 [线程ID:1] INFO  记录文件：Microsoft.Hosting.Lifetime - 消息：Hosting environment: Development
2020-06-02 16:55:24,397 [线程ID:1] INFO  记录文件：Microsoft.Hosting.Lifetime - 消息：Content root path: D:\work\CloudPlatform\coreApi\trunk\HXCloud\HXCloud.APIV2
=========================================================
2020-06-02 17:03:23,942 [线程ID:1] INFO  记录文件：Microsoft.Hosting.Lifetime - 消息：Now listening on: http://localhost:5000
2020-06-02 17:03:23,963 [线程ID:1] INFO  记录文件：Microsoft.Hosting.Lifetime - 消息：Application started. Press Ctrl+C to shut down.
2020-06-02 17:03:23,966 [线程ID:1] INFO  记录文件：Microsoft.Hosting.Lifetime - 消息：Hosting environment: Development
2020-06-02 17:03:23,969 [线程ID:1] INFO  记录文件：Microsoft.Hosting.Lifetime - 消息：Content root path: D:\work\CloudPlatform\coreApi\trunk\HXCloud\HXCloud.APIV2
=========================================================
2020-06-02 17:10:07,548 [线程ID:1] INFO  记录文件：Microsoft.Hosting.Lifetime - 消息：Now listening on: http://localhost:5000
2020-06-02 17:10:07,571 [线程ID:1] INFO  记录文件：Microsoft.Hosting.Lifetime - 消息：Application started. Press Ctrl+C to shut down.
2020-06-02 17:10:07,573 [线程ID:1] INFO  记录文件：Microsoft.Hosting.Lifetime - 消息：Hosting environment: Development
2020-06-02 17:10:07,575 [线程ID:1] INFO  记录文件：Microsoft.Hosting.Lifetime - 消息：Content root path: D:\work\CloudPlatform\coreApi\trunk\HXCloud\HXCloud.APIV2
=========================================================
2020-06-02 17:11:16,020 [线程ID:1] INFO  记录文件：Microsoft.Hosting.Lifetime - 消息：Now listening on: http://localhost:5000
2020-06-02 17:11:16,043 [线程ID:1] INFO  记录文件：Microsoft.Hosting.Lifetime - 消息：Application started. Press Ctrl+C to shut down.
2020-06-02 17:11:16,046 [线程ID:1] INFO  记录文件：Microsoft.Hosting.Lifetime - 消息：Hosting environment: Development
2020-06-02 17:11:16,051 [线程ID:1] INFO  记录文件：Microsoft.Hosting.Lifetime - 消息：Content root path: D:\work\CloudPlatform\coreApi\trunk\HXCloud\HXCloud.APIV2
2020-06-02 17:14:19,355 [线程ID:22] INFO  记录文件：HXCloud.Service.TypeSchemaService - 消息：hx0001添加模式成功，模式标示为1
2020-06-02 17:15:23,480 [线程ID:4] INFO  记录文件：HXCloud.Service.TypeSchemaService - 消息：hx0001添加模式成功，模式标示为2
=========================================================
2020-06-02 17:20:39,476 [线程ID:1] INFO  记录文件：Microsoft.Hosting.Lifetime - 消息：Now listening on: http://localhost:5000
2020-06-02 17:20:39,494 [线程ID:1] INFO  记录文件：Microsoft.Hosting.Lifetime - 消息：Application started. Press Ctrl+C to shut down.
2020-06-02 17:20:39,496 [线程ID:1] INFO  记录文件：Microsoft.Hosting.Lifetime - 消息：Hosting environment: Development
2020-06-02 17:20:39,498 [线程ID:1] INFO  记录文件：Microsoft.Hosting.Lifetime - 消息：Content root path: D:\work\CloudPlatform\coreApi\trunk\HXCloud\HXCloud.APIV2
2020-06-02 17:28:05,698 [线程ID:18] INFO  记录文件：HXCloud.Service.TypeSchemaService - 消息：hx0001修改标示为1的模式的名称成功
2020-06-02 17:28:48,515 [线程ID:14] INFO  记录文件：HXCloud.Service.TypeSchemaService - 消息：hx0001修改标示为1的模式的名称成功
2020-06-02 17:29:15,534 [线程ID:12] INFO  记录文件：HXCloud.Service.TypeSchemaService - 消息：hx0001修改标示为1的模式的名称成功
2020-06-02 17:29:46,228 [线程ID:7] INFO  记录文件：HXCloud.Service.TypeSchemaService - 消息：hx0001修改标示为1的模式的名称成功
2020-06-02 17:30:51,577 [线程ID:10] INFO  记录文件：HXCloud.Service.TypeSchemaService - 消息：hx0001修改标示为1的模式的名称成功
=========================================================
2020-06-03 16:57:33,663 [线程ID:1] INFO  记录文件：Microsoft.Hosting.Lifetime - 消息：Now listening on: http://localhost:5000
=========================================================
2020-06-03 17:02:06,634 [线程ID:1] INFO  记录文件：Microsoft.Hosting.Lifetime - 消息：Now listening on: http://localhost:5000
2020-06-03 17:02:06,655 [线程ID:1] INFO  记录文件：Microsoft.Hosting.Lifetime - 消息：Application started. Press Ctrl+C to shut down.
2020-06-03 17:02:06,657 [线程ID:1] INFO  记录文件：Microsoft.Hosting.Lifetime - 消息：Hosting environment: Development
2020-06-03 17:02:06,659 [线程ID:1] INFO  记录文件：Microsoft.Hosting.Lifetime - 消息：Content root path: D:\work\CloudPlatform\coreApi\trunk\HXCloud\HXCloud.APIV2
=========================================================
2020-06-03 17:06:10,203 [线程ID:1] INFO  记录文件：Microsoft.Hosting.Lifetime - 消息：Now listening on: http://localhost:5000
2020-06-03 17:06:10,224 [线程ID:1] INFO  记录文件：Microsoft.Hosting.Lifetime - 消息：Application started. Press Ctrl+C to shut down.
2020-06-03 17:06:10,225 [线程ID:1] INFO  记录文件：Microsoft.Hosting.Lifetime - 消息：Hosting environment: Development
2020-06-03 17:06:10,228 [线程ID:1] INFO  记录文件：Microsoft.Hosting.Lifetime - 消息：Content root path: D:\work\CloudPlatform\coreApi\trunk\HXCloud\HXCloud.APIV2
=========================================================
2020-06-03 17:14:11,529 [线程ID:1] INFO  记录文件：Microsoft.Hosting.Lifetime - 消息：Now listening on: http://localhost:5000
2020-06-03 17:14:11,544 [线程ID:1] INFO  记录文件：Microsoft.Hosting.Lifetime - 消息：Application started. Press Ctrl+C to shut down.
2020-06-03 17:14:11,546 [线程ID:1] INFO  记录文件：Microsoft.Hosting.Lifetime - 消息：Hosting environment: Development
2020-06-03 17:14:11,547 [线程ID:1] INFO  记录文件：Microsoft.Hosting.Lifetime - 消息：Content root path: D:\work\CloudPlatform\coreApi\trunk\HXCloud\HXCloud.APIV2
2020-06-03 17:14:18,239 [线程ID:15] INFO  记录文件：HXCloud.Service.TypeConfigService - 消息：hx0001添加标示为1的类型配置数据成功
2020-06-03 17:14:28,466 [线程ID:5] INFO  记录文件：HXCloud.Service.TypeConfigService - 消息：hx0001添加标示为2的类型配置数据成功
=========================================================
2020-06-03 17:17:01,572 [线程ID:1] INFO  记录文件：Microsoft.Hosting.Lifetime - 消息：Now listening on: http://localhost:5000
2020-06-03 17:17:01,587 [线程ID:1] INFO  记录文件：Microsoft.Hosting.Lifetime - 消息：Application started. Press Ctrl+C to shut down.
2020-06-03 17:17:01,589 [线程ID:1] INFO  记录文件：Microsoft.Hosting.Lifetime - 消息：Hosting environment: Development
2020-06-03 17:17:01,591 [线程ID:1] INFO  记录文件：Microsoft.Hosting.Lifetime - 消息：Content root path: D:\work\CloudPlatform\coreApi\trunk\HXCloud\HXCloud.APIV2
2020-06-03 17:19:30,858 [线程ID:12] INFO  记录文件：HXCloud.Service.TypeConfigService - 消息：hx0001修改标示为1的类型配置数据成功
2020-06-03 17:19:59,858 [线程ID:15] INFO  记录文件：HXCloud.Service.TypeConfigService - 消息：hx0001删除标示为2的类型配置数据成功
=========================================================
2020-06-04 16:36:58,724 [线程ID:1] INFO  记录文件：Microsoft.Hosting.Lifetime - 消息：Now listening on: http://localhost:5000
2020-06-04 16:42:47,873 [线程ID:12] INFO  记录文件：HXCloud.Service.TypeService - 消息：hx0001添加标示为1的类型统计数据成功
2020-06-04 16:44:36,718 [线程ID:18] INFO  记录文件：HXCloud.Service.TypeService - 消息：hx0001添加标示为2的类型统计数据成功
2020-06-04 16:45:54,882 [线程ID:11] INFO  记录文件：HXCloud.Service.TypeService - 消息：hx0001添加标示为3的类型统计数据成功
=========================================================
2020-06-04 16:47:37,324 [线程ID:1] INFO  记录文件：Microsoft.Hosting.Lifetime - 消息：Now listening on: http://localhost:5000
2020-06-04 16:47:37,346 [线程ID:1] INFO  记录文件：Microsoft.Hosting.Lifetime - 消息：Application started. Press Ctrl+C to shut down.
2020-06-04 16:47:37,351 [线程ID:1] INFO  记录文件：Microsoft.Hosting.Lifetime - 消息：Hosting environment: Development
2020-06-04 16:47:37,356 [线程ID:1] INFO  记录文件：Microsoft.Hosting.Lifetime - 消息：Content root path: D:\work\CloudPlatform\coreApi\trunk\HXCloud\HXCloud.APIV2
=========================================================
2020-06-04 16:51:55,785 [线程ID:1] INFO  记录文件：Microsoft.Hosting.Lifetime - 消息：Now listening on: http://localhost:5000
2020-06-04 16:51:55,803 [线程ID:1] INFO  记录文件：Microsoft.Hosting.Lifetime - 消息：Application started. Press Ctrl+C to shut down.
2020-06-04 16:51:55,805 [线程ID:1] INFO  记录文件：Microsoft.Hosting.Lifetime - 消息：Hosting environment: Development
2020-06-04 16:51:55,807 [线程ID:1] INFO  记录文件：Microsoft.Hosting.Lifetime - 消息：Content root path: D:\work\CloudPlatform\coreApi\trunk\HXCloud\HXCloud.APIV2
2020-06-04 16:55:02,096 [线程ID:4] INFO  记录文件：HXCloud.Service.TypeService - 消息：hx0001修改标示为3的类型统计数据成功
2020-06-04 16:55:46,879 [线程ID:19] INFO  记录文件：HXCloud.Service.TypeService - 消息：hx0001修改标示为3的类型统计数据成功
2020-06-04 16:56:12,956 [线程ID:19] INFO  记录文件：HXCloud.Service.TypeService - 消息：hx0001删除标示为3的类型统计数据成功
=========================================================
2020-06-09 17:14:41,655 [线程ID:11] INFO  记录文件：Microsoft.Hosting.Lifetime - 消息：Application is shutting down...
2020-06-09 17:14:50,066 [线程ID:1] INFO  记录文件：Microsoft.Hosting.Lifetime - 消息：Now listening on: http://localhost:5000
2020-06-09 17:14:58,249 [线程ID:1] INFO  记录文件：Microsoft.Hosting.Lifetime - 消息：Application started. Press Ctrl+C to shut down.
2020-06-09 17:14:58,252 [线程ID:1] INFO  记录文件：Microsoft.Hosting.Lifetime - 消息：Hosting environment: Development
2020-06-09 17:14:58,254 [线程ID:1] INFO  记录文件：Microsoft.Hosting.Lifetime - 消息：Content root path: D:\work\CloudPlatform\coreApi\trunk\HXCloud\HXCloud.APIV2
=========================================================
=========================================================
2020-06-09 17:15:13,563 [线程ID:1] INFO  记录文件：Microsoft.Hosting.Lifetime - 消息：Now listening on: http://localhost:5000
2020-06-09 17:15:13,582 [线程ID:1] INFO  记录文件：Microsoft.Hosting.Lifetime - 消息：Application started. Press Ctrl+C to shut down.
2020-06-09 17:15:13,584 [线程ID:1] INFO  记录文件：Microsoft.Hosting.Lifetime - 消息：Hosting environment: Development
2020-06-09 17:15:13,587 [线程ID:1] INFO  记录文件：Microsoft.Hosting.Lifetime - 消息：Content root path: D:\work\CloudPlatform\coreApi\trunk\HXCloud\HXCloud.APIV2
=========================================================
2020-06-16 10:32:04,237 [线程ID:1] INFO  记录文件：Microsoft.Hosting.Lifetime - 消息：Now listening on: http://localhost:5000
2020-06-16 10:33:05,975 [线程ID:1] INFO  记录文件：Microsoft.Hosting.Lifetime - 消息：Application started. Press Ctrl+C to shut down.
2020-06-16 10:33:05,982 [线程ID:1] INFO  记录文件：Microsoft.Hosting.Lifetime - 消息：Hosting environment: Development
2020-06-16 10:33:05,984 [线程ID:1] INFO  记录文件：Microsoft.Hosting.Lifetime - 消息：Content root path: D:\work\CloudPlatform\coreApi\trunk\HXCloud\HXCloud.APIV2
2020-06-16 10:46:31,304 [线程ID:21] INFO  记录文件：Microsoft.Hosting.Lifetime - 消息：Application is shutting down...
=========================================================
=========================================================
2020-06-17 11:06:17,367 [线程ID:1] INFO  记录文件：Microsoft.Hosting.Lifetime - 消息：Now listening on: http://localhost:5000
2020-06-17 11:06:17,391 [线程ID:1] INFO  记录文件：Microsoft.Hosting.Lifetime - 消息：Application started. Press Ctrl+C to shut down.
2020-06-17 11:06:17,396 [线程ID:1] INFO  记录文件：Microsoft.Hosting.Lifetime - 消息：Hosting environment: Development
2020-06-17 11:06:17,401 [线程ID:1] INFO  记录文件：Microsoft.Hosting.Lifetime - 消息：Content root path: D:\work\CloudPlatform\coreApi\trunk\HXCloud\HXCloud.APIV2
=========================================================
2020-06-17 11:13:11,626 [线程ID:1] INFO  记录文件：Microsoft.Hosting.Lifetime - 消息：Now listening on: http://localhost:5000
2020-06-17 11:13:11,643 [线程ID:1] INFO  记录文件：Microsoft.Hosting.Lifetime - 消息：Application started. Press Ctrl+C to shut down.
2020-06-17 11:13:11,645 [线程ID:1] INFO  记录文件：Microsoft.Hosting.Lifetime - 消息：Hosting environment: Development
2020-06-17 11:13:11,647 [线程ID:1] INFO  记录文件：Microsoft.Hosting.Lifetime - 消息：Content root path: D:\work\CloudPlatform\coreApi\trunk\HXCloud\HXCloud.APIV2
2020-06-17 11:13:36,869 [线程ID:4] INFO  记录文件：HXCloud.Service.TypeService - 消息：hx0001添加类型1->污水处理设备成功
=========================================================
2020-06-17 11:17:11,475 [线程ID:1] INFO  记录文件：Microsoft.Hosting.Lifetime - 消息：Now listening on: http://localhost:5000
2020-06-17 11:17:11,497 [线程ID:1] INFO  记录文件：Microsoft.Hosting.Lifetime - 消息：Application started. Press Ctrl+C to shut down.
2020-06-17 11:17:11,500 [线程ID:1] INFO  记录文件：Microsoft.Hosting.Lifetime - 消息：Hosting environment: Development
2020-06-17 11:17:11,503 [线程ID:1] INFO  记录文件：Microsoft.Hosting.Lifetime - 消息：Content root path: D:\work\CloudPlatform\coreApi\trunk\HXCloud\HXCloud.APIV2
=========================================================
2020-06-17 11:18:36,001 [线程ID:1] INFO  记录文件：Microsoft.Hosting.Lifetime - 消息：Now listening on: http://localhost:5000
2020-06-17 11:18:36,023 [线程ID:1] INFO  记录文件：Microsoft.Hosting.Lifetime - 消息：Application started. Press Ctrl+C to shut down.
2020-06-17 11:18:36,025 [线程ID:1] INFO  记录文件：Microsoft.Hosting.Lifetime - 消息：Hosting environment: Development
2020-06-17 11:18:36,028 [线程ID:1] INFO  记录文件：Microsoft.Hosting.Lifetime - 消息：Content root path: D:\work\CloudPlatform\coreApi\trunk\HXCloud\HXCloud.APIV2
2020-06-17 11:18:44,544 [线程ID:4] INFO  记录文件：HXCloud.Service.TypeService - 消息：hx0001添加类型2->贝斯成功
2020-06-17 11:19:11,356 [线程ID:18] INFO  记录文件：HXCloud.Service.TypeService - 消息：hx0001添加类型3->贝斯v100成功
=========================================================
2020-06-17 11:41:59,711 [线程ID:1] INFO  记录文件：Microsoft.Hosting.Lifetime - 消息：Now listening on: http://localhost:5000
2020-06-17 11:41:59,728 [线程ID:1] INFO  记录文件：Microsoft.Hosting.Lifetime - 消息：Application started. Press Ctrl+C to shut down.
2020-06-17 11:41:59,730 [线程ID:1] INFO  记录文件：Microsoft.Hosting.Lifetime - 消息：Hosting environment: Development
2020-06-17 11:41:59,732 [线程ID:1] INFO  记录文件：Microsoft.Hosting.Lifetime - 消息：Content root path: D:\work\CloudPlatform\coreApi\trunk\HXCloud\HXCloud.APIV2
=========================================================
2020-06-17 11:45:35,720 [线程ID:1] INFO  记录文件：Microsoft.Hosting.Lifetime - 消息：Now listening on: http://localhost:5000
2020-06-17 11:45:35,736 [线程ID:1] INFO  记录文件：Microsoft.Hosting.Lifetime - 消息：Application started. Press Ctrl+C to shut down.
2020-06-17 11:45:35,737 [线程ID:1] INFO  记录文件：Microsoft.Hosting.Lifetime - 消息：Hosting environment: Development
2020-06-17 11:45:35,739 [线程ID:1] INFO  记录文件：Microsoft.Hosting.Lifetime - 消息：Content root path: D:\work\CloudPlatform\coreApi\trunk\HXCloud\HXCloud.APIV2
2020-06-17 14:29:43,541 [线程ID:70] INFO  记录文件：HXCloud.Service.TypeDataDefineService - 消息：hx0001添加类型数据定义011241成功
=========================================================
2020-06-17 15:43:13,523 [线程ID:1] INFO  记录文件：Microsoft.Hosting.Lifetime - 消息：Now listening on: http://localhost:5000
2020-06-17 15:43:13,541 [线程ID:1] INFO  记录文件：Microsoft.Hosting.Lifetime - 消息：Application started. Press Ctrl+C to shut down.
2020-06-17 15:43:13,544 [线程ID:1] INFO  记录文件：Microsoft.Hosting.Lifetime - 消息：Hosting environment: Development
2020-06-17 15:43:13,546 [线程ID:1] INFO  记录文件：Microsoft.Hosting.Lifetime - 消息：Content root path: D:\work\CloudPlatform\coreApi\trunk\HXCloud\HXCloud.APIV2
2020-06-17 15:45:34,929 [线程ID:19] INFO  记录文件：HXCloud.Service.TypeDataDefineService - 消息：hx0001添加类型数据定义011241成功
=========================================================
2020-06-17 15:47:16,103 [线程ID:1] INFO  记录文件：Microsoft.Hosting.Lifetime - 消息：Now listening on: http://localhost:5000
2020-06-17 15:47:16,128 [线程ID:1] INFO  记录文件：Microsoft.Hosting.Lifetime - 消息：Application started. Press Ctrl+C to shut down.
2020-06-17 15:47:16,131 [线程ID:1] INFO  记录文件：Microsoft.Hosting.Lifetime - 消息：Hosting environment: Development
2020-06-17 15:47:16,134 [线程ID:1] INFO  记录文件：Microsoft.Hosting.Lifetime - 消息：Content root path: D:\work\CloudPlatform\coreApi\trunk\HXCloud\HXCloud.APIV2
2020-06-17 15:51:23,083 [线程ID:24] INFO  记录文件：HXCloud.Service.TypeSchemaService - 消息：hx0001添加模式成功，模式标示为2
=========================================================
2020-06-17 16:14:32,294 [线程ID:1] INFO  记录文件：Microsoft.Hosting.Lifetime - 消息：Now listening on: http://localhost:5000
2020-06-17 16:14:32,317 [线程ID:1] INFO  记录文件：Microsoft.Hosting.Lifetime - 消息：Application started. Press Ctrl+C to shut down.
2020-06-17 16:14:32,319 [线程ID:1] INFO  记录文件：Microsoft.Hosting.Lifetime - 消息：Hosting environment: Development
2020-06-17 16:14:32,322 [线程ID:1] INFO  记录文件：Microsoft.Hosting.Lifetime - 消息：Content root path: D:\work\CloudPlatform\coreApi\trunk\HXCloud\HXCloud.APIV2
2020-06-17 16:15:47,732 [线程ID:11] INFO  记录文件：HXCloud.Service.TypeSchemaService - 消息：hx0001添加模式成功，模式标示为3
=========================================================
2020-06-17 17:05:38,393 [线程ID:1] INFO  记录文件：Microsoft.Hosting.Lifetime - 消息：Now listening on: http://localhost:5000
2020-06-17 17:05:38,438 [线程ID:1] INFO  记录文件：Microsoft.Hosting.Lifetime - 消息：Application started. Press Ctrl+C to shut down.
2020-06-17 17:05:38,442 [线程ID:1] INFO  记录文件：Microsoft.Hosting.Lifetime - 消息：Hosting environment: Development
2020-06-17 17:05:38,445 [线程ID:1] INFO  记录文件：Microsoft.Hosting.Lifetime - 消息：Content root path: D:\work\CloudPlatform\coreApi\trunk\HXCloud\HXCloud.APIV2
2020-06-17 17:08:11,682 [线程ID:10] INFO  记录文件：HXCloud.Service.TypeConfigService - 消息：hx0001添加标示为1的类型配置数据成功
=========================================================
2020-06-17 17:11:48,779 [线程ID:1] INFO  记录文件：Microsoft.Hosting.Lifetime - 消息：Now listening on: http://localhost:5000
2020-06-17 17:11:48,801 [线程ID:1] INFO  记录文件：Microsoft.Hosting.Lifetime - 消息：Application started. Press Ctrl+C to shut down.
2020-06-17 17:11:48,803 [线程ID:1] INFO  记录文件：Microsoft.Hosting.Lifetime - 消息：Hosting environment: Development
2020-06-17 17:11:48,805 [线程ID:1] INFO  记录文件：Microsoft.Hosting.Lifetime - 消息：Content root path: D:\work\CloudPlatform\coreApi\trunk\HXCloud\HXCloud.APIV2
=========================================================
2020-06-22 11:35:54,029 [线程ID:1] INFO  记录文件：Microsoft.Hosting.Lifetime - 消息：Now listening on: http://localhost:5000
2020-06-22 11:35:54,338 [线程ID:1] INFO  记录文件：Microsoft.Hosting.Lifetime - 消息：Application started. Press Ctrl+C to shut down.
2020-06-22 11:35:54,341 [线程ID:1] INFO  记录文件：Microsoft.Hosting.Lifetime - 消息：Hosting environment: Development
2020-06-22 11:35:54,344 [线程ID:1] INFO  记录文件：Microsoft.Hosting.Lifetime - 消息：Content root path: D:\work\CloudPlatform\coreApi\trunk\HXCloud\HXCloud.APIV2
=========================================================
2020-06-22 14:10:42,096 [线程ID:1] INFO  记录文件：Microsoft.Hosting.Lifetime - 消息：Now listening on: http://localhost:5000
2020-06-22 14:10:42,112 [线程ID:1] INFO  记录文件：Microsoft.Hosting.Lifetime - 消息：Application started. Press Ctrl+C to shut down.
2020-06-22 14:10:42,116 [线程ID:1] INFO  记录文件：Microsoft.Hosting.Lifetime - 消息：Hosting environment: Development
2020-06-22 14:10:42,118 [线程ID:1] INFO  记录文件：Microsoft.Hosting.Lifetime - 消息：Content root path: D:\work\CloudPlatform\coreApi\trunk\HXCloud\HXCloud.APIV2
=========================================================
2020-06-22 15:55:29,956 [线程ID:1] INFO  记录文件：Microsoft.Hosting.Lifetime - 消息：Now listening on: http://localhost:5000
2020-06-22 15:55:29,974 [线程ID:1] INFO  记录文件：Microsoft.Hosting.Lifetime - 消息：Application started. Press Ctrl+C to shut down.
2020-06-22 15:55:29,977 [线程ID:1] INFO  记录文件：Microsoft.Hosting.Lifetime - 消息：Hosting environment: Development
2020-06-22 15:55:29,980 [线程ID:1] INFO  记录文件：Microsoft.Hosting.Lifetime - 消息：Content root path: D:\work\CloudPlatform\coreApi\trunk\HXCloud\HXCloud.APIV2
=========================================================
2020-06-22 15:57:01,402 [线程ID:1] INFO  记录文件：Microsoft.Hosting.Lifetime - 消息：Now listening on: http://localhost:5000
2020-06-22 15:57:01,432 [线程ID:1] INFO  记录文件：Microsoft.Hosting.Lifetime - 消息：Application started. Press Ctrl+C to shut down.
2020-06-22 15:57:01,434 [线程ID:1] INFO  记录文件：Microsoft.Hosting.Lifetime - 消息：Hosting environment: Development
2020-06-22 15:57:01,437 [线程ID:1] INFO  记录文件：Microsoft.Hosting.Lifetime - 消息：Content root path: D:\work\CloudPlatform\coreApi\trunk\HXCloud\HXCloud.APIV2
2020-06-22 15:57:55,978 [线程ID:18] INFO  记录文件：Microsoft.Hosting.Lifetime - 消息：Application is shutting down...
=========================================================
=========================================================
2020-06-22 15:58:32,730 [线程ID:1] INFO  记录文件：Microsoft.Hosting.Lifetime - 消息：Now listening on: http://localhost:5000
2020-06-22 15:58:32,754 [线程ID:1] INFO  记录文件：Microsoft.Hosting.Lifetime - 消息：Application started. Press Ctrl+C to shut down.
2020-06-22 15:58:32,757 [线程ID:1] INFO  记录文件：Microsoft.Hosting.Lifetime - 消息：Hosting environment: Development
2020-06-22 15:58:32,759 [线程ID:1] INFO  记录文件：Microsoft.Hosting.Lifetime - 消息：Content root path: D:\work\CloudPlatform\coreApi\trunk\HXCloud\HXCloud.APIV2
=========================================================
2020-06-23 09:27:03,055 [线程ID:1] INFO  记录文件：Microsoft.Hosting.Lifetime - 消息：Now listening on: http://localhost:5000
2020-06-23 09:27:03,071 [线程ID:1] INFO  记录文件：Microsoft.Hosting.Lifetime - 消息：Application started. Press Ctrl+C to shut down.
2020-06-23 09:27:03,074 [线程ID:1] INFO  记录文件：Microsoft.Hosting.Lifetime - 消息：Hosting environment: Development
2020-06-23 09:27:03,075 [线程ID:1] INFO  记录文件：Microsoft.Hosting.Lifetime - 消息：Content root path: D:\work\CloudPlatform\coreApi\trunk\HXCloud\HXCloud.APIV2
=========================================================
=========================================================
