=========================================================
2020-07-06 11:03:23,753 [线程ID:1] INFO  记录文件：Microsoft.Hosting.Lifetime - 消息：Now listening on: http://localhost:5000
2020-07-06 11:03:40,931 [线程ID:1] INFO  记录文件：Microsoft.Hosting.Lifetime - 消息：Application started. Press Ctrl+C to shut down.
2020-07-06 11:03:40,934 [线程ID:1] INFO  记录文件：Microsoft.Hosting.Lifetime - 消息：Hosting environment: Development
2020-07-06 11:03:40,937 [线程ID:1] INFO  记录文件：Microsoft.Hosting.Lifetime - 消息：Content root path: D:\work\CloudPlatform\coreApi\trunk\HXCloud\HXCloud.APIV2
=========================================================
2020-07-06 11:25:13,085 [线程ID:1] INFO  记录文件：Microsoft.Hosting.Lifetime - 消息：Now listening on: http://localhost:5000
2020-07-06 11:25:13,110 [线程ID:1] INFO  记录文件：Microsoft.Hosting.Lifetime - 消息：Application started. Press Ctrl+C to shut down.
2020-07-06 11:25:13,113 [线程ID:1] INFO  记录文件：Microsoft.Hosting.Lifetime - 消息：Hosting environment: Development
2020-07-06 11:25:13,116 [线程ID:1] INFO  记录文件：Microsoft.Hosting.Lifetime - 消息：Content root path: D:\work\CloudPlatform\coreApi\trunk\HXCloud\HXCloud.APIV2
=========================================================
2020-07-06 11:31:52,990 [线程ID:1] INFO  记录文件：Microsoft.Hosting.Lifetime - 消息：Now listening on: http://localhost:5000
2020-07-06 11:31:53,014 [线程ID:1] INFO  记录文件：Microsoft.Hosting.Lifetime - 消息：Application started. Press Ctrl+C to shut down.
2020-07-06 11:31:53,018 [线程ID:1] INFO  记录文件：Microsoft.Hosting.Lifetime - 消息：Hosting environment: Development
2020-07-06 11:31:53,021 [线程ID:1] INFO  记录文件：Microsoft.Hosting.Lifetime - 消息：Content root path: D:\work\CloudPlatform\coreApi\trunk\HXCloud\HXCloud.APIV2
=========================================================
2020-07-06 11:39:20,277 [线程ID:1] INFO  记录文件：Microsoft.Hosting.Lifetime - 消息：Now listening on: http://localhost:5000
2020-07-06 11:39:20,306 [线程ID:1] INFO  记录文件：Microsoft.Hosting.Lifetime - 消息：Application started. Press Ctrl+C to shut down.
2020-07-06 11:39:20,309 [线程ID:1] INFO  记录文件：Microsoft.Hosting.Lifetime - 消息：Hosting environment: Development
2020-07-06 11:39:20,312 [线程ID:1] INFO  记录文件：Microsoft.Hosting.Lifetime - 消息：Content root path: D:\work\CloudPlatform\coreApi\trunk\HXCloud\HXCloud.APIV2
=========================================================
2020-07-06 11:43:59,560 [线程ID:1] INFO  记录文件：Microsoft.Hosting.Lifetime - 消息：Now listening on: http://localhost:5000
2020-07-06 11:43:59,585 [线程ID:1] INFO  记录文件：Microsoft.Hosting.Lifetime - 消息：Application started. Press Ctrl+C to shut down.
2020-07-06 11:43:59,589 [线程ID:1] INFO  记录文件：Microsoft.Hosting.Lifetime - 消息：Hosting environment: Development
2020-07-06 11:43:59,592 [线程ID:1] INFO  记录文件：Microsoft.Hosting.Lifetime - 消息：Content root path: D:\work\CloudPlatform\coreApi\trunk\HXCloud\HXCloud.APIV2
=========================================================
2020-07-06 11:45:03,330 [线程ID:1] INFO  记录文件：Microsoft.Hosting.Lifetime - 消息：Now listening on: http://localhost:5000
2020-07-06 11:45:03,381 [线程ID:1] INFO  记录文件：Microsoft.Hosting.Lifetime - 消息：Application started. Press Ctrl+C to shut down.
2020-07-06 11:45:03,400 [线程ID:1] INFO  记录文件：Microsoft.Hosting.Lifetime - 消息：Hosting environment: Development
2020-07-06 11:45:03,417 [线程ID:1] INFO  记录文件：Microsoft.Hosting.Lifetime - 消息：Content root path: D:\work\CloudPlatform\coreApi\trunk\HXCloud\HXCloud.APIV2
=========================================================
2020-07-06 11:47:12,615 [线程ID:1] INFO  记录文件：Microsoft.Hosting.Lifetime - 消息：Now listening on: http://localhost:5000
2020-07-06 11:47:12,643 [线程ID:1] INFO  记录文件：Microsoft.Hosting.Lifetime - 消息：Application started. Press Ctrl+C to shut down.
2020-07-06 11:47:12,647 [线程ID:1] INFO  记录文件：Microsoft.Hosting.Lifetime - 消息：Hosting environment: Development
2020-07-06 11:47:12,650 [线程ID:1] INFO  记录文件：Microsoft.Hosting.Lifetime - 消息：Content root path: D:\work\CloudPlatform\coreApi\trunk\HXCloud\HXCloud.APIV2
=========================================================
2020-07-06 11:49:29,328 [线程ID:1] INFO  记录文件：Microsoft.Hosting.Lifetime - 消息：Now listening on: http://localhost:5000
2020-07-06 11:49:29,357 [线程ID:1] INFO  记录文件：Microsoft.Hosting.Lifetime - 消息：Application started. Press Ctrl+C to shut down.
2020-07-06 11:49:29,360 [线程ID:1] INFO  记录文件：Microsoft.Hosting.Lifetime - 消息：Hosting environment: Development
2020-07-06 11:49:29,363 [线程ID:1] INFO  记录文件：Microsoft.Hosting.Lifetime - 消息：Content root path: D:\work\CloudPlatform\coreApi\trunk\HXCloud\HXCloud.APIV2
=========================================================
2020-07-06 11:53:55,384 [线程ID:1] INFO  记录文件：Microsoft.Hosting.Lifetime - 消息：Now listening on: http://localhost:5000
2020-07-06 11:53:55,417 [线程ID:1] INFO  记录文件：Microsoft.Hosting.Lifetime - 消息：Application started. Press Ctrl+C to shut down.
2020-07-06 11:53:55,421 [线程ID:1] INFO  记录文件：Microsoft.Hosting.Lifetime - 消息：Hosting environment: Development
2020-07-06 11:53:55,424 [线程ID:1] INFO  记录文件：Microsoft.Hosting.Lifetime - 消息：Content root path: D:\work\CloudPlatform\coreApi\trunk\HXCloud\HXCloud.APIV2
=========================================================
2020-07-06 13:51:38,657 [线程ID:1] INFO  记录文件：Microsoft.Hosting.Lifetime - 消息：Now listening on: http://localhost:5000
2020-07-06 13:51:38,685 [线程ID:1] INFO  记录文件：Microsoft.Hosting.Lifetime - 消息：Application started. Press Ctrl+C to shut down.
2020-07-06 13:51:38,691 [线程ID:1] INFO  记录文件：Microsoft.Hosting.Lifetime - 消息：Hosting environment: Development
2020-07-06 13:51:38,695 [线程ID:1] INFO  记录文件：Microsoft.Hosting.Lifetime - 消息：Content root path: D:\work\CloudPlatform\coreApi\trunk\HXCloud\HXCloud.APIV2
=========================================================
2020-07-06 13:54:32,279 [线程ID:1] INFO  记录文件：Microsoft.Hosting.Lifetime - 消息：Now listening on: http://localhost:5000
2020-07-06 13:54:32,297 [线程ID:1] INFO  记录文件：Microsoft.Hosting.Lifetime - 消息：Application started. Press Ctrl+C to shut down.
2020-07-06 13:54:32,299 [线程ID:1] INFO  记录文件：Microsoft.Hosting.Lifetime - 消息：Hosting environment: Development
2020-07-06 13:54:32,301 [线程ID:1] INFO  记录文件：Microsoft.Hosting.Lifetime - 消息：Content root path: D:\work\CloudPlatform\coreApi\trunk\HXCloud\HXCloud.APIV2
=========================================================
2020-07-06 13:55:37,605 [线程ID:1] INFO  记录文件：Microsoft.Hosting.Lifetime - 消息：Now listening on: http://localhost:5000
2020-07-06 13:55:37,628 [线程ID:1] INFO  记录文件：Microsoft.Hosting.Lifetime - 消息：Application started. Press Ctrl+C to shut down.
2020-07-06 13:55:37,631 [线程ID:1] INFO  记录文件：Microsoft.Hosting.Lifetime - 消息：Hosting environment: Development
2020-07-06 13:55:37,633 [线程ID:1] INFO  记录文件：Microsoft.Hosting.Lifetime - 消息：Content root path: D:\work\CloudPlatform\coreApi\trunk\HXCloud\HXCloud.APIV2
=========================================================
2020-07-06 13:57:29,448 [线程ID:1] INFO  记录文件：Microsoft.Hosting.Lifetime - 消息：Now listening on: http://localhost:5000
2020-07-06 13:57:29,477 [线程ID:1] INFO  记录文件：Microsoft.Hosting.Lifetime - 消息：Application started. Press Ctrl+C to shut down.
2020-07-06 13:57:29,480 [线程ID:1] INFO  记录文件：Microsoft.Hosting.Lifetime - 消息：Hosting environment: Development
2020-07-06 13:57:29,483 [线程ID:1] INFO  记录文件：Microsoft.Hosting.Lifetime - 消息：Content root path: D:\work\CloudPlatform\coreApi\trunk\HXCloud\HXCloud.APIV2
=========================================================
2020-07-06 14:01:35,603 [线程ID:1] INFO  记录文件：Microsoft.Hosting.Lifetime - 消息：Now listening on: http://localhost:5000
2020-07-06 14:01:35,655 [线程ID:1] INFO  记录文件：Microsoft.Hosting.Lifetime - 消息：Application started. Press Ctrl+C to shut down.
2020-07-06 14:01:35,694 [线程ID:1] INFO  记录文件：Microsoft.Hosting.Lifetime - 消息：Hosting environment: Development
2020-07-06 14:01:35,705 [线程ID:1] INFO  记录文件：Microsoft.Hosting.Lifetime - 消息：Content root path: D:\work\CloudPlatform\coreApi\trunk\HXCloud\HXCloud.APIV2
=========================================================
2020-07-06 14:15:27,614 [线程ID:1] INFO  记录文件：Microsoft.Hosting.Lifetime - 消息：Now listening on: http://localhost:5000
2020-07-06 14:15:27,649 [线程ID:1] INFO  记录文件：Microsoft.Hosting.Lifetime - 消息：Application started. Press Ctrl+C to shut down.
2020-07-06 14:15:27,653 [线程ID:1] INFO  记录文件：Microsoft.Hosting.Lifetime - 消息：Hosting environment: Development
2020-07-06 14:15:27,658 [线程ID:1] INFO  记录文件：Microsoft.Hosting.Lifetime - 消息：Content root path: D:\work\CloudPlatform\coreApi\trunk\HXCloud\HXCloud.APIV2
=========================================================
2020-07-06 14:21:26,023 [线程ID:1] INFO  记录文件：Microsoft.Hosting.Lifetime - 消息：Now listening on: http://localhost:5000
2020-07-06 14:21:26,047 [线程ID:1] INFO  记录文件：Microsoft.Hosting.Lifetime - 消息：Application started. Press Ctrl+C to shut down.
2020-07-06 14:21:26,050 [线程ID:1] INFO  记录文件：Microsoft.Hosting.Lifetime - 消息：Hosting environment: Development
2020-07-06 14:21:26,055 [线程ID:1] INFO  记录文件：Microsoft.Hosting.Lifetime - 消息：Content root path: D:\work\CloudPlatform\coreApi\trunk\HXCloud\HXCloud.APIV2
=========================================================
2020-07-06 14:26:47,243 [线程ID:1] INFO  记录文件：Microsoft.Hosting.Lifetime - 消息：Now listening on: http://localhost:5000
2020-07-06 14:26:47,262 [线程ID:1] INFO  记录文件：Microsoft.Hosting.Lifetime - 消息：Application started. Press Ctrl+C to shut down.
2020-07-06 14:26:47,264 [线程ID:1] INFO  记录文件：Microsoft.Hosting.Lifetime - 消息：Hosting environment: Development
2020-07-06 14:26:47,266 [线程ID:1] INFO  记录文件：Microsoft.Hosting.Lifetime - 消息：Content root path: D:\work\CloudPlatform\coreApi\trunk\HXCloud\HXCloud.APIV2
=========================================================
2020-07-06 14:27:55,622 [线程ID:1] INFO  记录文件：Microsoft.Hosting.Lifetime - 消息：Now listening on: http://localhost:5000
2020-07-06 14:27:55,642 [线程ID:1] INFO  记录文件：Microsoft.Hosting.Lifetime - 消息：Application started. Press Ctrl+C to shut down.
2020-07-06 14:27:55,644 [线程ID:1] INFO  记录文件：Microsoft.Hosting.Lifetime - 消息：Hosting environment: Development
2020-07-06 14:27:55,646 [线程ID:1] INFO  记录文件：Microsoft.Hosting.Lifetime - 消息：Content root path: D:\work\CloudPlatform\coreApi\trunk\HXCloud\HXCloud.APIV2
=========================================================
2020-07-06 14:29:36,508 [线程ID:1] INFO  记录文件：Microsoft.Hosting.Lifetime - 消息：Now listening on: http://localhost:5000
2020-07-06 14:29:36,529 [线程ID:1] INFO  记录文件：Microsoft.Hosting.Lifetime - 消息：Application started. Press Ctrl+C to shut down.
2020-07-06 14:29:36,531 [线程ID:1] INFO  记录文件：Microsoft.Hosting.Lifetime - 消息：Hosting environment: Development
2020-07-06 14:29:36,533 [线程ID:1] INFO  记录文件：Microsoft.Hosting.Lifetime - 消息：Content root path: D:\work\CloudPlatform\coreApi\trunk\HXCloud\HXCloud.APIV2
=========================================================
2020-07-06 14:36:44,963 [线程ID:1] INFO  记录文件：Microsoft.Hosting.Lifetime - 消息：Now listening on: http://localhost:5000
2020-07-06 14:36:44,984 [线程ID:1] INFO  记录文件：Microsoft.Hosting.Lifetime - 消息：Application started. Press Ctrl+C to shut down.
2020-07-06 14:36:44,986 [线程ID:1] INFO  记录文件：Microsoft.Hosting.Lifetime - 消息：Hosting environment: Development
2020-07-06 14:36:44,988 [线程ID:1] INFO  记录文件：Microsoft.Hosting.Lifetime - 消息：Content root path: D:\work\CloudPlatform\coreApi\trunk\HXCloud\HXCloud.APIV2
=========================================================
2020-07-06 14:43:04,000 [线程ID:1] INFO  记录文件：Microsoft.Hosting.Lifetime - 消息：Now listening on: http://localhost:5000
2020-07-06 14:43:04,018 [线程ID:1] INFO  记录文件：Microsoft.Hosting.Lifetime - 消息：Application started. Press Ctrl+C to shut down.
2020-07-06 14:43:04,020 [线程ID:1] INFO  记录文件：Microsoft.Hosting.Lifetime - 消息：Hosting environment: Development
2020-07-06 14:43:04,022 [线程ID:1] INFO  记录文件：Microsoft.Hosting.Lifetime - 消息：Content root path: D:\work\CloudPlatform\coreApi\trunk\HXCloud\HXCloud.APIV2
=========================================================
2020-07-06 14:45:28,776 [线程ID:1] INFO  记录文件：Microsoft.Hosting.Lifetime - 消息：Now listening on: http://localhost:5000
2020-07-06 14:45:28,803 [线程ID:1] INFO  记录文件：Microsoft.Hosting.Lifetime - 消息：Application started. Press Ctrl+C to shut down.
2020-07-06 14:45:28,805 [线程ID:1] INFO  记录文件：Microsoft.Hosting.Lifetime - 消息：Hosting environment: Development
2020-07-06 14:45:28,807 [线程ID:1] INFO  记录文件：Microsoft.Hosting.Lifetime - 消息：Content root path: D:\work\CloudPlatform\coreApi\trunk\HXCloud\HXCloud.APIV2
=========================================================
2020-07-06 17:35:04,929 [线程ID:1] INFO  记录文件：Microsoft.Hosting.Lifetime - 消息：Now listening on: http://localhost:5000
2020-07-06 17:35:04,959 [线程ID:1] INFO  记录文件：Microsoft.Hosting.Lifetime - 消息：Application started. Press Ctrl+C to shut down.
2020-07-06 17:35:04,963 [线程ID:1] INFO  记录文件：Microsoft.Hosting.Lifetime - 消息：Hosting environment: Development
2020-07-06 17:35:04,966 [线程ID:1] INFO  记录文件：Microsoft.Hosting.Lifetime - 消息：Content root path: D:\work\CloudPlatform\coreApi\trunk\HXCloud\HXCloud.APIV2
=========================================================
2020-07-08 11:19:26,939 [线程ID:1] INFO  记录文件：Microsoft.Hosting.Lifetime - 消息：Now listening on: http://localhost:5000
2020-07-08 11:19:26,960 [线程ID:1] INFO  记录文件：Microsoft.Hosting.Lifetime - 消息：Application started. Press Ctrl+C to shut down.
2020-07-08 11:19:26,963 [线程ID:1] INFO  记录文件：Microsoft.Hosting.Lifetime - 消息：Hosting environment: Development
2020-07-08 11:19:26,965 [线程ID:1] INFO  记录文件：Microsoft.Hosting.Lifetime - 消息：Content root path: D:\work\CloudPlatform\coreApi\trunk\HXCloud\HXCloud.APIV2
=========================================================
2020-07-08 11:23:42,684 [线程ID:1] INFO  记录文件：Microsoft.Hosting.Lifetime - 消息：Now listening on: http://localhost:5000
2020-07-08 11:23:42,704 [线程ID:1] INFO  记录文件：Microsoft.Hosting.Lifetime - 消息：Application started. Press Ctrl+C to shut down.
2020-07-08 11:23:42,706 [线程ID:1] INFO  记录文件：Microsoft.Hosting.Lifetime - 消息：Hosting environment: Development
2020-07-08 11:23:42,708 [线程ID:1] INFO  记录文件：Microsoft.Hosting.Lifetime - 消息：Content root path: D:\work\CloudPlatform\coreApi\trunk\HXCloud\HXCloud.APIV2
=========================================================
2020-07-08 11:25:24,805 [线程ID:1] INFO  记录文件：Microsoft.Hosting.Lifetime - 消息：Now listening on: http://localhost:5000
2020-07-08 11:25:24,824 [线程ID:1] INFO  记录文件：Microsoft.Hosting.Lifetime - 消息：Application started. Press Ctrl+C to shut down.
2020-07-08 11:25:24,826 [线程ID:1] INFO  记录文件：Microsoft.Hosting.Lifetime - 消息：Hosting environment: Development
2020-07-08 11:25:24,828 [线程ID:1] INFO  记录文件：Microsoft.Hosting.Lifetime - 消息：Content root path: D:\work\CloudPlatform\coreApi\trunk\HXCloud\HXCloud.APIV2
=========================================================
2020-07-08 11:46:57,799 [线程ID:1] INFO  记录文件：Microsoft.Hosting.Lifetime - 消息：Now listening on: http://localhost:5000
2020-07-08 11:46:57,817 [线程ID:1] INFO  记录文件：Microsoft.Hosting.Lifetime - 消息：Application started. Press Ctrl+C to shut down.
2020-07-08 11:46:57,819 [线程ID:1] INFO  记录文件：Microsoft.Hosting.Lifetime - 消息：Hosting environment: Development
2020-07-08 11:46:57,821 [线程ID:1] INFO  记录文件：Microsoft.Hosting.Lifetime - 消息：Content root path: D:\work\CloudPlatform\coreApi\trunk\HXCloud\HXCloud.APIV2
=========================================================
2020-07-08 11:50:01,005 [线程ID:1] INFO  记录文件：Microsoft.Hosting.Lifetime - 消息：Now listening on: http://localhost:5000
2020-07-08 11:50:01,033 [线程ID:1] INFO  记录文件：Microsoft.Hosting.Lifetime - 消息：Application started. Press Ctrl+C to shut down.
2020-07-08 11:50:01,035 [线程ID:1] INFO  记录文件：Microsoft.Hosting.Lifetime - 消息：Hosting environment: Development
2020-07-08 11:50:01,038 [线程ID:1] INFO  记录文件：Microsoft.Hosting.Lifetime - 消息：Content root path: D:\work\CloudPlatform\coreApi\trunk\HXCloud\HXCloud.APIV2
=========================================================
2020-07-08 14:15:01,185 [线程ID:1] INFO  记录文件：Microsoft.Hosting.Lifetime - 消息：Now listening on: http://localhost:5000
2020-07-08 14:15:07,706 [线程ID:1] INFO  记录文件：Microsoft.Hosting.Lifetime - 消息：Application started. Press Ctrl+C to shut down.
2020-07-08 14:15:07,709 [线程ID:1] INFO  记录文件：Microsoft.Hosting.Lifetime - 消息：Hosting environment: Development
2020-07-08 14:15:07,711 [线程ID:1] INFO  记录文件：Microsoft.Hosting.Lifetime - 消息：Content root path: D:\work\CloudPlatform\coreApi\trunk\HXCloud\HXCloud.APIV2
=========================================================
2020-07-08 15:47:06,832 [线程ID:1] INFO  记录文件：Microsoft.Hosting.Lifetime - 消息：Now listening on: http://localhost:5000
2020-07-08 15:47:06,854 [线程ID:1] INFO  记录文件：Microsoft.Hosting.Lifetime - 消息：Application started. Press Ctrl+C to shut down.
2020-07-08 15:47:06,857 [线程ID:1] INFO  记录文件：Microsoft.Hosting.Lifetime - 消息：Hosting environment: Development
2020-07-08 15:47:06,861 [线程ID:1] INFO  记录文件：Microsoft.Hosting.Lifetime - 消息：Content root path: D:\work\CloudPlatform\coreApi\trunk\HXCloud\HXCloud.APIV2
=========================================================
2020-07-08 15:50:27,293 [线程ID:1] INFO  记录文件：Microsoft.Hosting.Lifetime - 消息：Now listening on: http://localhost:5000
2020-07-08 15:50:27,315 [线程ID:1] INFO  记录文件：Microsoft.Hosting.Lifetime - 消息：Application started. Press Ctrl+C to shut down.
2020-07-08 15:50:27,319 [线程ID:1] INFO  记录文件：Microsoft.Hosting.Lifetime - 消息：Hosting environment: Development
2020-07-08 15:50:27,321 [线程ID:1] INFO  记录文件：Microsoft.Hosting.Lifetime - 消息：Content root path: D:\work\CloudPlatform\coreApi\trunk\HXCloud\HXCloud.APIV2
=========================================================
2020-07-08 15:53:20,277 [线程ID:1] INFO  记录文件：Microsoft.Hosting.Lifetime - 消息：Now listening on: http://localhost:5000
2020-07-08 15:53:20,299 [线程ID:1] INFO  记录文件：Microsoft.Hosting.Lifetime - 消息：Application started. Press Ctrl+C to shut down.
2020-07-08 15:53:20,302 [线程ID:1] INFO  记录文件：Microsoft.Hosting.Lifetime - 消息：Hosting environment: Development
2020-07-08 15:53:20,304 [线程ID:1] INFO  记录文件：Microsoft.Hosting.Lifetime - 消息：Content root path: D:\work\CloudPlatform\coreApi\trunk\HXCloud\HXCloud.APIV2
=========================================================
2020-07-08 15:57:49,537 [线程ID:1] INFO  记录文件：Microsoft.Hosting.Lifetime - 消息：Now listening on: http://localhost:5000
2020-07-08 15:57:49,558 [线程ID:1] INFO  记录文件：Microsoft.Hosting.Lifetime - 消息：Application started. Press Ctrl+C to shut down.
2020-07-08 15:57:49,559 [线程ID:1] INFO  记录文件：Microsoft.Hosting.Lifetime - 消息：Hosting environment: Development
2020-07-08 15:57:49,561 [线程ID:1] INFO  记录文件：Microsoft.Hosting.Lifetime - 消息：Content root path: D:\work\CloudPlatform\coreApi\trunk\HXCloud\HXCloud.APIV2
=========================================================
2020-07-08 16:16:27,417 [线程ID:1] INFO  记录文件：Microsoft.Hosting.Lifetime - 消息：Now listening on: http://localhost:5000
2020-07-08 16:16:27,436 [线程ID:1] INFO  记录文件：Microsoft.Hosting.Lifetime - 消息：Application started. Press Ctrl+C to shut down.
2020-07-08 16:16:27,438 [线程ID:1] INFO  记录文件：Microsoft.Hosting.Lifetime - 消息：Hosting environment: Development
2020-07-08 16:16:27,439 [线程ID:1] INFO  记录文件：Microsoft.Hosting.Lifetime - 消息：Content root path: D:\work\CloudPlatform\coreApi\trunk\HXCloud\HXCloud.APIV2
=========================================================
2020-07-08 16:19:30,615 [线程ID:1] INFO  记录文件：Microsoft.Hosting.Lifetime - 消息：Now listening on: http://localhost:5000
2020-07-08 16:19:30,635 [线程ID:1] INFO  记录文件：Microsoft.Hosting.Lifetime - 消息：Application started. Press Ctrl+C to shut down.
2020-07-08 16:19:30,636 [线程ID:1] INFO  记录文件：Microsoft.Hosting.Lifetime - 消息：Hosting environment: Development
2020-07-08 16:19:30,638 [线程ID:1] INFO  记录文件：Microsoft.Hosting.Lifetime - 消息：Content root path: D:\work\CloudPlatform\coreApi\trunk\HXCloud\HXCloud.APIV2
=========================================================
2020-07-08 16:29:22,426 [线程ID:1] INFO  记录文件：Microsoft.Hosting.Lifetime - 消息：Now listening on: http://localhost:5000
2020-07-08 16:29:22,443 [线程ID:1] INFO  记录文件：Microsoft.Hosting.Lifetime - 消息：Application started. Press Ctrl+C to shut down.
2020-07-08 16:29:22,445 [线程ID:1] INFO  记录文件：Microsoft.Hosting.Lifetime - 消息：Hosting environment: Development
2020-07-08 16:29:22,447 [线程ID:1] INFO  记录文件：Microsoft.Hosting.Lifetime - 消息：Content root path: D:\work\CloudPlatform\coreApi\trunk\HXCloud\HXCloud.APIV2
=========================================================
2020-07-08 16:33:43,672 [线程ID:1] INFO  记录文件：Microsoft.Hosting.Lifetime - 消息：Now listening on: http://localhost:5000
2020-07-08 16:33:43,693 [线程ID:1] INFO  记录文件：Microsoft.Hosting.Lifetime - 消息：Application started. Press Ctrl+C to shut down.
2020-07-08 16:33:43,695 [线程ID:1] INFO  记录文件：Microsoft.Hosting.Lifetime - 消息：Hosting environment: Development
2020-07-08 16:33:43,697 [线程ID:1] INFO  记录文件：Microsoft.Hosting.Lifetime - 消息：Content root path: D:\work\CloudPlatform\coreApi\trunk\HXCloud\HXCloud.APIV2
=========================================================
2020-07-08 16:34:36,754 [线程ID:1] INFO  记录文件：Microsoft.Hosting.Lifetime - 消息：Now listening on: http://localhost:5000
2020-07-08 16:34:36,774 [线程ID:1] INFO  记录文件：Microsoft.Hosting.Lifetime - 消息：Application started. Press Ctrl+C to shut down.
2020-07-08 16:34:36,776 [线程ID:1] INFO  记录文件：Microsoft.Hosting.Lifetime - 消息：Hosting environment: Development
2020-07-08 16:34:36,779 [线程ID:1] INFO  记录文件：Microsoft.Hosting.Lifetime - 消息：Content root path: D:\work\CloudPlatform\coreApi\trunk\HXCloud\HXCloud.APIV2
=========================================================
2020-07-08 16:41:05,931 [线程ID:1] INFO  记录文件：Microsoft.Hosting.Lifetime - 消息：Now listening on: http://localhost:5000
2020-07-08 16:41:08,445 [线程ID:1] INFO  记录文件：Microsoft.Hosting.Lifetime - 消息：Application started. Press Ctrl+C to shut down.
2020-07-08 16:41:08,452 [线程ID:1] INFO  记录文件：Microsoft.Hosting.Lifetime - 消息：Hosting environment: Development
2020-07-08 16:41:08,459 [线程ID:1] INFO  记录文件：Microsoft.Hosting.Lifetime - 消息：Content root path: D:\work\CloudPlatform\coreApi\trunk\HXCloud\HXCloud.APIV2
=========================================================
2020-07-08 16:43:36,278 [线程ID:1] INFO  记录文件：Microsoft.Hosting.Lifetime - 消息：Now listening on: http://localhost:5000
2020-07-08 16:43:36,295 [线程ID:1] INFO  记录文件：Microsoft.Hosting.Lifetime - 消息：Application started. Press Ctrl+C to shut down.
2020-07-08 16:43:36,297 [线程ID:1] INFO  记录文件：Microsoft.Hosting.Lifetime - 消息：Hosting environment: Development
2020-07-08 16:43:36,332 [线程ID:1] INFO  记录文件：Microsoft.Hosting.Lifetime - 消息：Content root path: D:\work\CloudPlatform\coreApi\trunk\HXCloud\HXCloud.APIV2
=========================================================
2020-07-08 16:53:51,406 [线程ID:1] INFO  记录文件：Microsoft.Hosting.Lifetime - 消息：Now listening on: http://localhost:5000
2020-07-08 16:53:51,427 [线程ID:1] INFO  记录文件：Microsoft.Hosting.Lifetime - 消息：Application started. Press Ctrl+C to shut down.
2020-07-08 16:53:51,429 [线程ID:1] INFO  记录文件：Microsoft.Hosting.Lifetime - 消息：Hosting environment: Development
2020-07-08 16:53:51,466 [线程ID:1] INFO  记录文件：Microsoft.Hosting.Lifetime - 消息：Content root path: D:\work\CloudPlatform\coreApi\trunk\HXCloud\HXCloud.APIV2
=========================================================
2020-07-08 16:58:19,867 [线程ID:1] INFO  记录文件：Microsoft.Hosting.Lifetime - 消息：Now listening on: http://localhost:5000
2020-07-08 16:58:19,887 [线程ID:1] INFO  记录文件：Microsoft.Hosting.Lifetime - 消息：Application started. Press Ctrl+C to shut down.
2020-07-08 16:58:19,890 [线程ID:1] INFO  记录文件：Microsoft.Hosting.Lifetime - 消息：Hosting environment: Development
2020-07-08 16:58:19,892 [线程ID:1] INFO  记录文件：Microsoft.Hosting.Lifetime - 消息：Content root path: D:\work\CloudPlatform\coreApi\trunk\HXCloud\HXCloud.APIV2
2020-07-08 16:59:19,344 [线程ID:14] INFO  记录文件：HXCloud.Service.TypeService - 消息：hx0001修改Id为3的类型名称为贝斯100_T处理设备成功
=========================================================
2020-07-13 17:12:21,011 [线程ID:1] INFO  记录文件：Microsoft.Hosting.Lifetime - 消息：Now listening on: http://localhost:5000
2020-07-13 17:12:21,034 [线程ID:1] INFO  记录文件：Microsoft.Hosting.Lifetime - 消息：Application started. Press Ctrl+C to shut down.
2020-07-13 17:12:21,036 [线程ID:1] INFO  记录文件：Microsoft.Hosting.Lifetime - 消息：Hosting environment: Development
2020-07-13 17:12:21,039 [线程ID:1] INFO  记录文件：Microsoft.Hosting.Lifetime - 消息：Content root path: D:\work\CloudPlatform\coreApi\trunk\HXCloud\HXCloud.APIV2
=========================================================
2020-07-13 17:14:22,213 [线程ID:1] INFO  记录文件：Microsoft.Hosting.Lifetime - 消息：Now listening on: http://localhost:5000
2020-07-13 17:14:22,232 [线程ID:1] INFO  记录文件：Microsoft.Hosting.Lifetime - 消息：Application started. Press Ctrl+C to shut down.
2020-07-13 17:14:22,233 [线程ID:1] INFO  记录文件：Microsoft.Hosting.Lifetime - 消息：Hosting environment: Development
2020-07-13 17:14:22,235 [线程ID:1] INFO  记录文件：Microsoft.Hosting.Lifetime - 消息：Content root path: D:\work\CloudPlatform\coreApi\trunk\HXCloud\HXCloud.APIV2
=========================================================
=========================================================
=========================================================
2020-07-14 17:34:55,422 [线程ID:1] INFO  记录文件：Microsoft.Hosting.Lifetime - 消息：Now listening on: http://localhost:5000
2020-07-14 17:35:35,796 [线程ID:1] INFO  记录文件：Microsoft.Hosting.Lifetime - 消息：Application started. Press Ctrl+C to shut down.
2020-07-14 17:35:35,799 [线程ID:1] INFO  记录文件：Microsoft.Hosting.Lifetime - 消息：Hosting environment: Development
2020-07-14 17:35:35,802 [线程ID:1] INFO  记录文件：Microsoft.Hosting.Lifetime - 消息：Content root path: D:\work\CloudPlatform\coreApi\trunk\HXCloud\HXCloud.APIV2
=========================================================
2020-07-14 17:41:32,418 [线程ID:1] INFO  记录文件：Microsoft.Hosting.Lifetime - 消息：Now listening on: http://localhost:5000
2020-07-14 17:41:32,437 [线程ID:1] INFO  记录文件：Microsoft.Hosting.Lifetime - 消息：Application started. Press Ctrl+C to shut down.
2020-07-14 17:41:32,439 [线程ID:1] INFO  记录文件：Microsoft.Hosting.Lifetime - 消息：Hosting environment: Development
2020-07-14 17:41:32,441 [线程ID:1] INFO  记录文件：Microsoft.Hosting.Lifetime - 消息：Content root path: D:\work\CloudPlatform\coreApi\trunk\HXCloud\HXCloud.APIV2
=========================================================
2020-07-15 11:18:36,760 [线程ID:1] INFO  记录文件：Microsoft.Hosting.Lifetime - 消息：Now listening on: http://localhost:5000
2020-07-15 11:18:36,777 [线程ID:1] INFO  记录文件：Microsoft.Hosting.Lifetime - 消息：Application started. Press Ctrl+C to shut down.
2020-07-15 11:18:36,780 [线程ID:1] INFO  记录文件：Microsoft.Hosting.Lifetime - 消息：Hosting environment: Development
2020-07-15 11:18:36,782 [线程ID:1] INFO  记录文件：Microsoft.Hosting.Lifetime - 消息：Content root path: D:\work\CloudPlatform\coreApi\trunk\HXCloud\HXCloud.APIV2
=========================================================
2020-07-15 11:37:45,560 [线程ID:1] INFO  记录文件：Microsoft.Hosting.Lifetime - 消息：Now listening on: http://localhost:5000
2020-07-15 11:37:45,578 [线程ID:1] INFO  记录文件：Microsoft.Hosting.Lifetime - 消息：Application started. Press Ctrl+C to shut down.
2020-07-15 11:37:45,586 [线程ID:1] INFO  记录文件：Microsoft.Hosting.Lifetime - 消息：Hosting environment: Development
2020-07-15 11:37:45,588 [线程ID:1] INFO  记录文件：Microsoft.Hosting.Lifetime - 消息：Content root path: D:\work\CloudPlatform\coreApi\trunk\HXCloud\HXCloud.APIV2
2020-07-15 11:44:11,197 [线程ID:14] INFO  记录文件：HXCloud.Service.Service.GroupService - 消息：hx0001添加组织合续智控成功
2020-07-15 11:49:21,814 [线程ID:14] INFO  记录文件：HXCloud.Service.Service.GroupService - 消息：hx0001修改组织616c721c249446abbaee044299ae32ca:合续成功
=========================================================
2020-07-15 14:14:09,078 [线程ID:1] INFO  记录文件：Microsoft.Hosting.Lifetime - 消息：Now listening on: http://localhost:5000
2020-07-15 14:14:09,096 [线程ID:1] INFO  记录文件：Microsoft.Hosting.Lifetime - 消息：Application started. Press Ctrl+C to shut down.
2020-07-15 14:14:09,098 [线程ID:1] INFO  记录文件：Microsoft.Hosting.Lifetime - 消息：Hosting environment: Development
2020-07-15 14:14:09,100 [线程ID:1] INFO  记录文件：Microsoft.Hosting.Lifetime - 消息：Content root path: D:\work\CloudPlatform\coreApi\trunk\HXCloud\HXCloud.APIV2
2020-07-15 14:14:49,067 [线程ID:12] INFO  记录文件：HXCloud.Service.Service.GroupService - 消息：hx0001修改组织616c721c249446abbaee044299ae32ca:合续智控成功
2020-07-15 14:14:51,975 [线程ID:12] INFO  记录文件：HXCloud.Service.Service.GroupService - 消息：hx0001修改组织616c721c249446abbaee044299ae32ca:合续智控成功
=========================================================
2020-07-15 14:20:19,155 [线程ID:1] INFO  记录文件：Microsoft.Hosting.Lifetime - 消息：Now listening on: http://localhost:5000
2020-07-15 14:20:19,173 [线程ID:1] INFO  记录文件：Microsoft.Hosting.Lifetime - 消息：Application started. Press Ctrl+C to shut down.
2020-07-15 14:20:19,175 [线程ID:1] INFO  记录文件：Microsoft.Hosting.Lifetime - 消息：Hosting environment: Development
2020-07-15 14:20:19,176 [线程ID:1] INFO  记录文件：Microsoft.Hosting.Lifetime - 消息：Content root path: D:\work\CloudPlatform\coreApi\trunk\HXCloud\HXCloud.APIV2
2020-07-15 14:21:02,074 [线程ID:13] INFO  记录文件：HXCloud.Service.Service.GroupService - 消息：hx0001修改了组织logo成功
=========================================================
2020-07-15 14:31:37,865 [线程ID:1] INFO  记录文件：Microsoft.Hosting.Lifetime - 消息：Now listening on: http://localhost:5000
2020-07-15 14:31:37,886 [线程ID:1] INFO  记录文件：Microsoft.Hosting.Lifetime - 消息：Application started. Press Ctrl+C to shut down.
2020-07-15 14:31:37,888 [线程ID:1] INFO  记录文件：Microsoft.Hosting.Lifetime - 消息：Hosting environment: Development
2020-07-15 14:31:37,891 [线程ID:1] INFO  记录文件：Microsoft.Hosting.Lifetime - 消息：Content root path: D:\work\CloudPlatform\coreApi\trunk\HXCloud\HXCloud.APIV2
=========================================================
2020-07-15 14:33:10,590 [线程ID:1] INFO  记录文件：Microsoft.Hosting.Lifetime - 消息：Now listening on: http://localhost:5000
2020-07-15 14:33:10,610 [线程ID:1] INFO  记录文件：Microsoft.Hosting.Lifetime - 消息：Application started. Press Ctrl+C to shut down.
2020-07-15 14:33:10,612 [线程ID:1] INFO  记录文件：Microsoft.Hosting.Lifetime - 消息：Hosting environment: Development
2020-07-15 14:33:10,614 [线程ID:1] INFO  记录文件：Microsoft.Hosting.Lifetime - 消息：Content root path: D:\work\CloudPlatform\coreApi\trunk\HXCloud\HXCloud.APIV2
=========================================================
2020-07-15 14:34:15,352 [线程ID:1] INFO  记录文件：Microsoft.Hosting.Lifetime - 消息：Now listening on: http://localhost:5000
2020-07-15 14:34:15,371 [线程ID:1] INFO  记录文件：Microsoft.Hosting.Lifetime - 消息：Application started. Press Ctrl+C to shut down.
2020-07-15 14:34:15,373 [线程ID:1] INFO  记录文件：Microsoft.Hosting.Lifetime - 消息：Hosting environment: Development
2020-07-15 14:34:15,375 [线程ID:1] INFO  记录文件：Microsoft.Hosting.Lifetime - 消息：Content root path: D:\work\CloudPlatform\coreApi\trunk\HXCloud\HXCloud.APIV2
=========================================================
2020-07-15 15:07:59,286 [线程ID:1] INFO  记录文件：Microsoft.Hosting.Lifetime - 消息：Now listening on: http://localhost:5000
2020-07-15 15:08:31,727 [线程ID:1] INFO  记录文件：Microsoft.Hosting.Lifetime - 消息：Application started. Press Ctrl+C to shut down.
2020-07-15 15:08:31,733 [线程ID:1] INFO  记录文件：Microsoft.Hosting.Lifetime - 消息：Hosting environment: Development
2020-07-15 15:08:31,736 [线程ID:1] INFO  记录文件：Microsoft.Hosting.Lifetime - 消息：Content root path: D:\work\CloudPlatform\coreApi\trunk\HXCloud\HXCloud.APIV2
2020-07-15 15:08:33,023 [线程ID:10] INFO  记录文件：HXCloud.Service.Service.GroupService - 消息：hx0001修改了组织logo成功
2020-07-15 15:10:32,254 [线程ID:10] INFO  记录文件：HXCloud.Service.Service.GroupService - 消息：hx0001修改了组织logo成功
2020-07-15 15:13:09,030 [线程ID:19] INFO  记录文件：HXCloud.Service.Service.GroupService - 消息：hx0001修改了组织logo成功
=========================================================
2020-07-15 15:30:15,280 [线程ID:1] INFO  记录文件：Microsoft.Hosting.Lifetime - 消息：Now listening on: http://localhost:5000
2020-07-15 15:30:15,295 [线程ID:1] INFO  记录文件：Microsoft.Hosting.Lifetime - 消息：Application started. Press Ctrl+C to shut down.
2020-07-15 15:30:15,298 [线程ID:1] INFO  记录文件：Microsoft.Hosting.Lifetime - 消息：Hosting environment: Development
2020-07-15 15:30:15,301 [线程ID:1] INFO  记录文件：Microsoft.Hosting.Lifetime - 消息：Content root path: D:\work\CloudPlatform\coreApi\trunk\HXCloud\HXCloud.APIV2
=========================================================
2020-07-15 15:58:11,088 [线程ID:1] INFO  记录文件：Microsoft.Hosting.Lifetime - 消息：Now listening on: http://localhost:5000
2020-07-15 15:58:11,109 [线程ID:1] INFO  记录文件：Microsoft.Hosting.Lifetime - 消息：Application started. Press Ctrl+C to shut down.
2020-07-15 15:58:11,111 [线程ID:1] INFO  记录文件：Microsoft.Hosting.Lifetime - 消息：Hosting environment: Development
2020-07-15 15:58:11,114 [线程ID:1] INFO  记录文件：Microsoft.Hosting.Lifetime - 消息：Content root path: D:\work\CloudPlatform\coreApi\trunk\HXCloud\HXCloud.APIV2
2020-07-15 15:58:22,710 [线程ID:5] INFO  记录文件：HXCloud.Service.Service.UserService - 消息：hx0001上传用户头像成功
2020-07-15 15:59:59,814 [线程ID:23] INFO  记录文件：HXCloud.Service.Service.UserService - 消息：hx0001上传用户头像成功
2020-07-15 16:00:31,297 [线程ID:26] INFO  记录文件：HXCloud.Service.Service.UserService - 消息：hx0001上传用户头像成功
2020-07-15 16:09:43,743 [线程ID:45] INFO  记录文件：HXCloud.Service.Service.UserService - 消息：用户修改密码成功
2020-07-15 16:10:44,387 [线程ID:51] INFO  记录文件：HXCloud.Service.Service.UserService - 消息：用户修改密码成功
2020-07-15 16:12:06,553 [线程ID:48] INFO  记录文件：HXCloud.Service.Service.UserService - 消息：hx0001修改1->hx0001密码成功
=========================================================
2020-07-15 16:28:18,073 [线程ID:1] INFO  记录文件：Microsoft.Hosting.Lifetime - 消息：Now listening on: http://localhost:5000
2020-07-15 16:28:18,095 [线程ID:1] INFO  记录文件：Microsoft.Hosting.Lifetime - 消息：Application started. Press Ctrl+C to shut down.
2020-07-15 16:28:18,097 [线程ID:1] INFO  记录文件：Microsoft.Hosting.Lifetime - 消息：Hosting environment: Development
2020-07-15 16:28:18,098 [线程ID:1] INFO  记录文件：Microsoft.Hosting.Lifetime - 消息：Content root path: D:\work\CloudPlatform\coreApi\trunk\HXCloud\HXCloud.APIV2
2020-07-15 16:31:13,396 [线程ID:17] INFO  记录文件：HXCloud.Service.RoleService - 消息：hx0001创建角色测试角色,角色编号为3成功
=========================================================
2020-07-15 16:36:55,624 [线程ID:1] INFO  记录文件：Microsoft.Hosting.Lifetime - 消息：Now listening on: http://localhost:5000
2020-07-15 16:36:55,642 [线程ID:1] INFO  记录文件：Microsoft.Hosting.Lifetime - 消息：Application started. Press Ctrl+C to shut down.
2020-07-15 16:36:55,644 [线程ID:1] INFO  记录文件：Microsoft.Hosting.Lifetime - 消息：Hosting environment: Development
2020-07-15 16:36:55,646 [线程ID:1] INFO  记录文件：Microsoft.Hosting.Lifetime - 消息：Content root path: D:\work\CloudPlatform\coreApi\trunk\HXCloud\HXCloud.APIV2
=========================================================
2020-07-15 16:45:27,276 [线程ID:1] INFO  记录文件：Microsoft.Hosting.Lifetime - 消息：Now listening on: http://localhost:5000
2020-07-15 16:45:27,295 [线程ID:1] INFO  记录文件：Microsoft.Hosting.Lifetime - 消息：Application started. Press Ctrl+C to shut down.
2020-07-15 16:45:27,298 [线程ID:1] INFO  记录文件：Microsoft.Hosting.Lifetime - 消息：Hosting environment: Development
2020-07-15 16:45:27,300 [线程ID:1] INFO  记录文件：Microsoft.Hosting.Lifetime - 消息：Content root path: D:\work\CloudPlatform\coreApi\trunk\HXCloud\HXCloud.APIV2
2020-07-15 16:45:53,293 [线程ID:4] INFO  记录文件：HXCloud.Service.RoleService - 消息：hx0001删除角色3->测试角色成功
2020-07-15 16:46:20,241 [线程ID:10] INFO  记录文件：HXCloud.Service.RoleService - 消息：hx0001创建角色测试角色,角色编号为4成功
2020-07-15 16:46:31,111 [线程ID:4] INFO  记录文件：HXCloud.Service.RoleService - 消息：hx0001修改4的角色信息成功
=========================================================
2020-07-15 16:51:25,682 [线程ID:1] INFO  记录文件：Microsoft.Hosting.Lifetime - 消息：Now listening on: http://localhost:5000
2020-07-15 16:51:25,697 [线程ID:1] INFO  记录文件：Microsoft.Hosting.Lifetime - 消息：Application started. Press Ctrl+C to shut down.
2020-07-15 16:51:25,700 [线程ID:1] INFO  记录文件：Microsoft.Hosting.Lifetime - 消息：Hosting environment: Development
2020-07-15 16:51:25,703 [线程ID:1] INFO  记录文件：Microsoft.Hosting.Lifetime - 消息：Content root path: D:\work\CloudPlatform\coreApi\trunk\HXCloud\HXCloud.APIV2
2020-07-15 16:51:47,424 [线程ID:11] INFO  记录文件：HXCloud.Service.RoleService - 消息：hx0001删除角色4->测试角色成功
2020-07-15 16:52:23,247 [线程ID:16] INFO  记录文件：HXCloud.Service.RoleService - 消息：hx0001创建角色测试角色,角色编号为5成功
2020-07-15 16:53:05,178 [线程ID:4] INFO  记录文件：HXCloud.Service.RoleService - 消息：hx0001修改5的角色信息成功
=========================================================
2020-07-15 16:56:02,518 [线程ID:1] INFO  记录文件：Microsoft.Hosting.Lifetime - 消息：Now listening on: http://localhost:5000
2020-07-15 16:56:02,537 [线程ID:1] INFO  记录文件：Microsoft.Hosting.Lifetime - 消息：Application started. Press Ctrl+C to shut down.
2020-07-15 16:56:02,539 [线程ID:1] INFO  记录文件：Microsoft.Hosting.Lifetime - 消息：Hosting environment: Development
2020-07-15 16:56:02,542 [线程ID:1] INFO  记录文件：Microsoft.Hosting.Lifetime - 消息：Content root path: D:\work\CloudPlatform\coreApi\trunk\HXCloud\HXCloud.APIV2
=========================================================
2020-07-15 16:58:27,847 [线程ID:1] INFO  记录文件：Microsoft.Hosting.Lifetime - 消息：Now listening on: http://localhost:5000
2020-07-15 16:58:27,871 [线程ID:1] INFO  记录文件：Microsoft.Hosting.Lifetime - 消息：Application started. Press Ctrl+C to shut down.
2020-07-15 16:58:27,874 [线程ID:1] INFO  记录文件：Microsoft.Hosting.Lifetime - 消息：Hosting environment: Development
2020-07-15 16:58:27,876 [线程ID:1] INFO  记录文件：Microsoft.Hosting.Lifetime - 消息：Content root path: D:\work\CloudPlatform\coreApi\trunk\HXCloud\HXCloud.APIV2
=========================================================
2020-07-15 17:02:05,568 [线程ID:1] INFO  记录文件：Microsoft.Hosting.Lifetime - 消息：Now listening on: http://localhost:5000
2020-07-15 17:02:05,585 [线程ID:1] INFO  记录文件：Microsoft.Hosting.Lifetime - 消息：Application started. Press Ctrl+C to shut down.
2020-07-15 17:02:05,587 [线程ID:1] INFO  记录文件：Microsoft.Hosting.Lifetime - 消息：Hosting environment: Development
2020-07-15 17:02:05,589 [线程ID:1] INFO  记录文件：Microsoft.Hosting.Lifetime - 消息：Content root path: D:\work\CloudPlatform\coreApi\trunk\HXCloud\HXCloud.APIV2
2020-07-15 17:03:45,888 [线程ID:5] INFO  记录文件：HXCloud.Service.UserRoleService - 消息：hx0001分配用户标示1角色System.Collections.Generic.List`1[System.Int32]成功
=========================================================
2020-07-16 16:34:23,923 [线程ID:1] INFO  记录文件：Microsoft.Hosting.Lifetime - 消息：Now listening on: http://localhost:5000
2020-07-16 16:34:23,948 [线程ID:1] INFO  记录文件：Microsoft.Hosting.Lifetime - 消息：Application started. Press Ctrl+C to shut down.
2020-07-16 16:34:23,950 [线程ID:1] INFO  记录文件：Microsoft.Hosting.Lifetime - 消息：Hosting environment: Development
2020-07-16 16:34:23,952 [线程ID:1] INFO  记录文件：Microsoft.Hosting.Lifetime - 消息：Content root path: D:\work\CloudPlatform\coreApi\trunk\HXCloud\HXCloud.APIV2
=========================================================
2020-07-17 10:16:44,258 [线程ID:1] INFO  记录文件：Microsoft.Hosting.Lifetime - 消息：Now listening on: http://localhost:5000
2020-07-17 10:16:44,277 [线程ID:1] INFO  记录文件：Microsoft.Hosting.Lifetime - 消息：Application started. Press Ctrl+C to shut down.
2020-07-17 10:16:44,278 [线程ID:1] INFO  记录文件：Microsoft.Hosting.Lifetime - 消息：Hosting environment: Development
2020-07-17 10:16:44,280 [线程ID:1] INFO  记录文件：Microsoft.Hosting.Lifetime - 消息：Content root path: D:\work\CloudPlatform\coreApi\trunk\HXCloud\HXCloud.APIV2
=========================================================
2020-07-17 10:18:49,241 [线程ID:1] INFO  记录文件：Microsoft.Hosting.Lifetime - 消息：Now listening on: http://localhost:5000
2020-07-17 10:18:49,261 [线程ID:1] INFO  记录文件：Microsoft.Hosting.Lifetime - 消息：Application started. Press Ctrl+C to shut down.
2020-07-17 10:18:49,263 [线程ID:1] INFO  记录文件：Microsoft.Hosting.Lifetime - 消息：Hosting environment: Development
2020-07-17 10:18:49,265 [线程ID:1] INFO  记录文件：Microsoft.Hosting.Lifetime - 消息：Content root path: D:\work\CloudPlatform\coreApi\trunk\HXCloud\HXCloud.APIV2
2020-07-17 10:59:21,801 [线程ID:30] INFO  记录文件：HXCloud.Service.DataDefineLibraryService - 消息：hx0001添加数据定义库数据成功,添加的key为
=========================================================
2020-07-17 15:13:40,483 [线程ID:1] INFO  记录文件：Microsoft.Hosting.Lifetime - 消息：Now listening on: http://localhost:5000
2020-07-17 15:13:40,499 [线程ID:1] INFO  记录文件：Microsoft.Hosting.Lifetime - 消息：Application started. Press Ctrl+C to shut down.
2020-07-17 15:13:40,501 [线程ID:1] INFO  记录文件：Microsoft.Hosting.Lifetime - 消息：Hosting environment: Development
2020-07-17 15:13:40,503 [线程ID:1] INFO  记录文件：Microsoft.Hosting.Lifetime - 消息：Content root path: D:\work\CloudPlatform\coreApi\trunk\HXCloud\HXCloud.APIV2
=========================================================
2020-07-17 15:15:53,640 [线程ID:1] INFO  记录文件：Microsoft.Hosting.Lifetime - 消息：Now listening on: http://localhost:5000
2020-07-17 15:15:53,661 [线程ID:1] INFO  记录文件：Microsoft.Hosting.Lifetime - 消息：Application started. Press Ctrl+C to shut down.
2020-07-17 15:15:53,663 [线程ID:1] INFO  记录文件：Microsoft.Hosting.Lifetime - 消息：Hosting environment: Development
2020-07-17 15:15:53,664 [线程ID:1] INFO  记录文件：Microsoft.Hosting.Lifetime - 消息：Content root path: D:\work\CloudPlatform\coreApi\trunk\HXCloud\HXCloud.APIV2
2020-07-17 15:16:26,242 [线程ID:5] INFO  记录文件：HXCloud.Service.DataDefineLibraryService - 消息：hx0001修改Id为5数据定义库成功
2020-07-17 15:17:28,767 [线程ID:5] INFO  记录文件：HXCloud.Service.DataDefineLibraryService - 消息：hx0001删除Id为5,Key值为的数据定义库成功
=========================================================
2020-07-17 15:26:25,222 [线程ID:1] INFO  记录文件：Microsoft.Hosting.Lifetime - 消息：Now listening on: http://localhost:5000
2020-07-17 15:26:25,240 [线程ID:1] INFO  记录文件：Microsoft.Hosting.Lifetime - 消息：Application started. Press Ctrl+C to shut down.
2020-07-17 15:26:25,242 [线程ID:1] INFO  记录文件：Microsoft.Hosting.Lifetime - 消息：Hosting environment: Development
2020-07-17 15:26:25,244 [线程ID:1] INFO  记录文件：Microsoft.Hosting.Lifetime - 消息：Content root path: D:\work\CloudPlatform\coreApi\trunk\HXCloud\HXCloud.APIV2
2020-07-17 15:26:58,705 [线程ID:4] INFO  记录文件：HXCloud.Service.TypeService - 消息：hx0001添加类型6->贝斯v100成功
2020-07-17 15:29:00,574 [线程ID:23] INFO  记录文件：HXCloud.Service.TypeService - 消息：hx0001修改Id为6的类型名称为贝斯v100_1成功
2020-07-17 15:29:32,140 [线程ID:21] INFO  记录文件：HXCloud.Service.TypeService - 消息：hx0001删除类型标示为6的类型数据成功
=========================================================
2020-07-17 16:31:02,203 [线程ID:1] INFO  记录文件：Microsoft.Hosting.Lifetime - 消息：Now listening on: http://localhost:5000
2020-07-17 16:31:02,221 [线程ID:1] INFO  记录文件：Microsoft.Hosting.Lifetime - 消息：Application started. Press Ctrl+C to shut down.
2020-07-17 16:31:02,223 [线程ID:1] INFO  记录文件：Microsoft.Hosting.Lifetime - 消息：Hosting environment: Development
2020-07-17 16:31:02,225 [线程ID:1] INFO  记录文件：Microsoft.Hosting.Lifetime - 消息：Content root path: D:\work\CloudPlatform\coreApi\trunk\HXCloud\HXCloud.APIV2
2020-07-17 16:31:42,914 [线程ID:4] INFO  记录文件：HXCloud.Service.Service.UserService - 消息：hx0001上传用户头像成功
=========================================================
2020-07-17 17:08:57,063 [线程ID:1] INFO  记录文件：Microsoft.Hosting.Lifetime - 消息：Now listening on: http://localhost:5000
2020-07-17 17:08:57,084 [线程ID:1] INFO  记录文件：Microsoft.Hosting.Lifetime - 消息：Application started. Press Ctrl+C to shut down.
2020-07-17 17:08:57,088 [线程ID:1] INFO  记录文件：Microsoft.Hosting.Lifetime - 消息：Hosting environment: Development
2020-07-17 17:08:57,091 [线程ID:1] INFO  记录文件：Microsoft.Hosting.Lifetime - 消息：Content root path: D:\work\CloudPlatform\coreApi\trunk\HXCloud\HXCloud.APIV2
=========================================================
2020-07-21 14:32:11,455 [线程ID:1] INFO  记录文件：Microsoft.Hosting.Lifetime - 消息：Now listening on: http://localhost:5000
2020-07-21 14:32:11,766 [线程ID:1] INFO  记录文件：Microsoft.Hosting.Lifetime - 消息：Application started. Press Ctrl+C to shut down.
2020-07-21 14:32:11,770 [线程ID:1] INFO  记录文件：Microsoft.Hosting.Lifetime - 消息：Hosting environment: Development
2020-07-21 14:32:11,773 [线程ID:1] INFO  记录文件：Microsoft.Hosting.Lifetime - 消息：Content root path: D:\work\CloudPlatform\coreApi\trunk\HXCloud\HXCloud.APIV2
2020-07-21 15:00:03,801 [线程ID:31] INFO  记录文件：HXCloud.Service.TypeDataDefineService - 消息：hx0001添加类型数据定义011111成功
2020-07-21 15:01:31,294 [线程ID:48] INFO  记录文件：HXCloud.Service.TypeDataDefineService - 消息：hx0001添加类型数据定义011221成功
2020-07-21 15:06:19,370 [线程ID:63] INFO  记录文件：HXCloud.Service.TypeDataDefineService - 消息：hx0001删除类型数据定义4成功
=========================================================
2020-07-21 15:09:18,165 [线程ID:1] INFO  记录文件：Microsoft.Hosting.Lifetime - 消息：Now listening on: http://localhost:5000
2020-07-21 15:09:18,179 [线程ID:1] INFO  记录文件：Microsoft.Hosting.Lifetime - 消息：Application started. Press Ctrl+C to shut down.
2020-07-21 15:09:18,181 [线程ID:1] INFO  记录文件：Microsoft.Hosting.Lifetime - 消息：Hosting environment: Development
2020-07-21 15:09:18,183 [线程ID:1] INFO  记录文件：Microsoft.Hosting.Lifetime - 消息：Content root path: D:\work\CloudPlatform\coreApi\trunk\HXCloud\HXCloud.APIV2
=========================================================
2020-07-21 15:15:17,184 [线程ID:1] INFO  记录文件：Microsoft.Hosting.Lifetime - 消息：Now listening on: http://localhost:5000
2020-07-21 15:15:17,199 [线程ID:1] INFO  记录文件：Microsoft.Hosting.Lifetime - 消息：Application started. Press Ctrl+C to shut down.
2020-07-21 15:15:17,201 [线程ID:1] INFO  记录文件：Microsoft.Hosting.Lifetime - 消息：Hosting environment: Development
2020-07-21 15:15:17,203 [线程ID:1] INFO  记录文件：Microsoft.Hosting.Lifetime - 消息：Content root path: D:\work\CloudPlatform\coreApi\trunk\HXCloud\HXCloud.APIV2
2020-07-21 15:15:26,402 [线程ID:4] INFO  记录文件：HXCloud.Service.TypeDataDefineService - 消息：hx0001修改数据定义3成功
=========================================================
2020-07-21 15:24:53,875 [线程ID:1] INFO  记录文件：Microsoft.Hosting.Lifetime - 消息：Now listening on: http://localhost:5000
2020-07-21 15:24:54,318 [线程ID:1] INFO  记录文件：Microsoft.Hosting.Lifetime - 消息：Application started. Press Ctrl+C to shut down.
2020-07-21 15:24:54,320 [线程ID:1] INFO  记录文件：Microsoft.Hosting.Lifetime - 消息：Hosting environment: Development
2020-07-21 15:24:54,322 [线程ID:1] INFO  记录文件：Microsoft.Hosting.Lifetime - 消息：Content root path: D:\work\CloudPlatform\coreApi\trunk\HXCloud\HXCloud.APIV2
2020-07-21 15:26:32,055 [线程ID:18] INFO  记录文件：HXCloud.Service.TypeSchemaService - 消息：hx0001添加模式成功，模式标示为4
2020-07-21 15:28:03,880 [线程ID:17] INFO  记录文件：HXCloud.Service.TypeSchemaService - 消息：hx0001删除标示为4的模式成功
2020-07-21 15:30:17,131 [线程ID:28] INFO  记录文件：HXCloud.Service.TypeConfigService - 消息：hx0001修改标示为1的类型配置数据成功
2020-07-21 15:30:34,146 [线程ID:28] INFO  记录文件：HXCloud.Service.TypeConfigService - 消息：hx0001添加标示为2的类型配置数据成功
2020-07-21 15:31:03,053 [线程ID:29] INFO  记录文件：HXCloud.Service.TypeConfigService - 消息：hx0001修改标示为1的类型配置数据成功
