=========================================================
2020-08-03 14:05:34,260 [线程ID:1] INFO  记录文件：Microsoft.Hosting.Lifetime - 消息：Now listening on: http://localhost:5000
2020-08-03 14:05:34,276 [线程ID:1] INFO  记录文件：Microsoft.Hosting.Lifetime - 消息：Application started. Press Ctrl+C to shut down.
2020-08-03 14:05:34,279 [线程ID:1] INFO  记录文件：Microsoft.Hosting.Lifetime - 消息：Hosting environment: Development
2020-08-03 14:05:34,282 [线程ID:1] INFO  记录文件：Microsoft.Hosting.Lifetime - 消息：Content root path: D:\work\CloudPlatform\coreApi\trunk\HXCloud\HXCloud.APIV2
=========================================================
2020-08-03 14:35:34,828 [线程ID:1] INFO  记录文件：Microsoft.Hosting.Lifetime - 消息：Now listening on: http://localhost:5000
2020-08-03 14:35:34,847 [线程ID:1] INFO  记录文件：Microsoft.Hosting.Lifetime - 消息：Application started. Press Ctrl+C to shut down.
2020-08-03 14:35:34,850 [线程ID:1] INFO  记录文件：Microsoft.Hosting.Lifetime - 消息：Hosting environment: Development
2020-08-03 14:35:34,853 [线程ID:1] INFO  记录文件：Microsoft.Hosting.Lifetime - 消息：Content root path: D:\work\CloudPlatform\coreApi\trunk\HXCloud\HXCloud.APIV2
=========================================================
2020-08-03 14:40:44,877 [线程ID:1] INFO  记录文件：Microsoft.Hosting.Lifetime - 消息：Now listening on: http://localhost:5000
2020-08-03 14:40:44,896 [线程ID:1] INFO  记录文件：Microsoft.Hosting.Lifetime - 消息：Application started. Press Ctrl+C to shut down.
2020-08-03 14:40:44,898 [线程ID:1] INFO  记录文件：Microsoft.Hosting.Lifetime - 消息：Hosting environment: Development
2020-08-03 14:40:44,901 [线程ID:1] INFO  记录文件：Microsoft.Hosting.Lifetime - 消息：Content root path: D:\work\CloudPlatform\coreApi\trunk\HXCloud\HXCloud.APIV2
=========================================================
2020-08-03 15:22:41,245 [线程ID:1] INFO  记录文件：Microsoft.Hosting.Lifetime - 消息：Now listening on: http://localhost:5000
2020-08-03 15:22:41,263 [线程ID:1] INFO  记录文件：Microsoft.Hosting.Lifetime - 消息：Application started. Press Ctrl+C to shut down.
2020-08-03 15:22:41,265 [线程ID:1] INFO  记录文件：Microsoft.Hosting.Lifetime - 消息：Hosting environment: Development
2020-08-03 15:22:41,268 [线程ID:1] INFO  记录文件：Microsoft.Hosting.Lifetime - 消息：Content root path: D:\work\CloudPlatform\coreApi\trunk\HXCloud\HXCloud.APIV2
=========================================================
2020-08-04 09:54:24,201 [线程ID:1] INFO  记录文件：Microsoft.Hosting.Lifetime - 消息：Now listening on: http://localhost:5000
2020-08-04 09:54:24,222 [线程ID:1] INFO  记录文件：Microsoft.Hosting.Lifetime - 消息：Application started. Press Ctrl+C to shut down.
2020-08-04 09:54:24,226 [线程ID:1] INFO  记录文件：Microsoft.Hosting.Lifetime - 消息：Hosting environment: Development
2020-08-04 09:54:24,228 [线程ID:1] INFO  记录文件：Microsoft.Hosting.Lifetime - 消息：Content root path: D:\work\CloudPlatform\coreApi\trunk\HXCloud\HXCloud.APIV2
=========================================================
2020-08-04 09:58:40,189 [线程ID:1] INFO  记录文件：Microsoft.Hosting.Lifetime - 消息：Now listening on: http://localhost:5000
2020-08-04 09:58:40,217 [线程ID:1] INFO  记录文件：Microsoft.Hosting.Lifetime - 消息：Application started. Press Ctrl+C to shut down.
2020-08-04 09:58:40,220 [线程ID:1] INFO  记录文件：Microsoft.Hosting.Lifetime - 消息：Hosting environment: Development
2020-08-04 09:58:40,223 [线程ID:1] INFO  记录文件：Microsoft.Hosting.Lifetime - 消息：Content root path: D:\work\CloudPlatform\coreApi\trunk\HXCloud\HXCloud.APIV2
=========================================================
2020-08-04 10:01:14,144 [线程ID:1] INFO  记录文件：Microsoft.Hosting.Lifetime - 消息：Now listening on: http://localhost:5000
2020-08-04 10:01:14,161 [线程ID:1] INFO  记录文件：Microsoft.Hosting.Lifetime - 消息：Application started. Press Ctrl+C to shut down.
2020-08-04 10:01:14,163 [线程ID:1] INFO  记录文件：Microsoft.Hosting.Lifetime - 消息：Hosting environment: Development
2020-08-04 10:01:14,166 [线程ID:1] INFO  记录文件：Microsoft.Hosting.Lifetime - 消息：Content root path: D:\work\CloudPlatform\coreApi\trunk\HXCloud\HXCloud.APIV2
=========================================================
2020-08-04 10:30:48,807 [线程ID:1] INFO  记录文件：Microsoft.Hosting.Lifetime - 消息：Now listening on: http://localhost:5000
2020-08-04 10:30:48,823 [线程ID:1] INFO  记录文件：Microsoft.Hosting.Lifetime - 消息：Application started. Press Ctrl+C to shut down.
2020-08-04 10:30:48,826 [线程ID:1] INFO  记录文件：Microsoft.Hosting.Lifetime - 消息：Hosting environment: Development
2020-08-04 10:30:48,828 [线程ID:1] INFO  记录文件：Microsoft.Hosting.Lifetime - 消息：Content root path: D:\work\CloudPlatform\coreApi\trunk\HXCloud\HXCloud.APIV2
=========================================================
2020-08-10 10:42:43,196 [线程ID:1] INFO  记录文件：Microsoft.Hosting.Lifetime - 消息：Now listening on: http://localhost:5000
2020-08-10 10:42:57,221 [线程ID:1] INFO  记录文件：Microsoft.Hosting.Lifetime - 消息：Application started. Press Ctrl+C to shut down.
2020-08-10 10:42:57,224 [线程ID:1] INFO  记录文件：Microsoft.Hosting.Lifetime - 消息：Hosting environment: Development
2020-08-10 10:42:57,227 [线程ID:1] INFO  记录文件：Microsoft.Hosting.Lifetime - 消息：Content root path: D:\work\CloudPlatform\coreApi\trunk\HXCloud\HXCloud.APIV2
=========================================================
2020-08-12 15:47:37,867 [线程ID:1] INFO  记录文件：Microsoft.Hosting.Lifetime - 消息：Now listening on: http://localhost:5000
2020-08-12 15:47:38,179 [线程ID:1] INFO  记录文件：Microsoft.Hosting.Lifetime - 消息：Application started. Press Ctrl+C to shut down.
2020-08-12 15:47:38,182 [线程ID:1] INFO  记录文件：Microsoft.Hosting.Lifetime - 消息：Hosting environment: Development
2020-08-12 15:47:38,184 [线程ID:1] INFO  记录文件：Microsoft.Hosting.Lifetime - 消息：Content root path: D:\work\CloudPlatform\coreApi\trunk\HXCloud\HXCloud.APIV2
=========================================================
2020-08-12 15:56:14,796 [线程ID:1] INFO  记录文件：Microsoft.Hosting.Lifetime - 消息：Now listening on: http://localhost:5000
2020-08-12 15:56:14,822 [线程ID:1] INFO  记录文件：Microsoft.Hosting.Lifetime - 消息：Application started. Press Ctrl+C to shut down.
2020-08-12 15:56:14,825 [线程ID:1] INFO  记录文件：Microsoft.Hosting.Lifetime - 消息：Hosting environment: Development
2020-08-12 15:56:14,829 [线程ID:1] INFO  记录文件：Microsoft.Hosting.Lifetime - 消息：Content root path: D:\work\CloudPlatform\coreApi\trunk\HXCloud\HXCloud.APIV2
=========================================================
2020-08-25 11:40:36,180 [线程ID:1] INFO  记录文件：Microsoft.Hosting.Lifetime - 消息：Now listening on: http://localhost:5000
2020-08-25 11:40:36,202 [线程ID:1] INFO  记录文件：Microsoft.Hosting.Lifetime - 消息：Application started. Press Ctrl+C to shut down.
2020-08-25 11:40:36,205 [线程ID:1] INFO  记录文件：Microsoft.Hosting.Lifetime - 消息：Hosting environment: Development
2020-08-25 11:40:36,208 [线程ID:1] INFO  记录文件：Microsoft.Hosting.Lifetime - 消息：Content root path: D:\work\CloudPlatform\coreApi\trunk\HXCloud\HXCloud.APIV2
=========================================================
2020-08-25 11:42:52,148 [线程ID:1] INFO  记录文件：Microsoft.Hosting.Lifetime - 消息：Now listening on: http://localhost:5000
2020-08-25 11:42:52,168 [线程ID:1] INFO  记录文件：Microsoft.Hosting.Lifetime - 消息：Application started. Press Ctrl+C to shut down.
2020-08-25 11:42:52,170 [线程ID:1] INFO  记录文件：Microsoft.Hosting.Lifetime - 消息：Hosting environment: Development
2020-08-25 11:42:52,172 [线程ID:1] INFO  记录文件：Microsoft.Hosting.Lifetime - 消息：Content root path: D:\work\CloudPlatform\coreApi\trunk\HXCloud\HXCloud.APIV2
2020-08-25 11:45:58,246 [线程ID:12] INFO  记录文件：HXCloud.Service.DeviceVideoService - 消息：hx0001添加标示为1的摄像头成功
=========================================================
2020-08-25 15:07:07,070 [线程ID:1] INFO  记录文件：Microsoft.Hosting.Lifetime - 消息：Now listening on: http://localhost:5000
2020-08-25 15:07:07,090 [线程ID:1] INFO  记录文件：Microsoft.Hosting.Lifetime - 消息：Application started. Press Ctrl+C to shut down.
2020-08-25 15:07:07,093 [线程ID:1] INFO  记录文件：Microsoft.Hosting.Lifetime - 消息：Hosting environment: Development
2020-08-25 15:07:07,095 [线程ID:1] INFO  记录文件：Microsoft.Hosting.Lifetime - 消息：Content root path: D:\work\CloudPlatform\coreApi\trunk\HXCloud\HXCloud.APIV2
=========================================================
2020-08-25 15:13:02,062 [线程ID:1] INFO  记录文件：Microsoft.Hosting.Lifetime - 消息：Now listening on: http://localhost:5000
2020-08-25 15:13:02,080 [线程ID:1] INFO  记录文件：Microsoft.Hosting.Lifetime - 消息：Application started. Press Ctrl+C to shut down.
2020-08-25 15:13:02,082 [线程ID:1] INFO  记录文件：Microsoft.Hosting.Lifetime - 消息：Hosting environment: Development
2020-08-25 15:13:02,083 [线程ID:1] INFO  记录文件：Microsoft.Hosting.Lifetime - 消息：Content root path: D:\work\CloudPlatform\coreApi\trunk\HXCloud\HXCloud.APIV2
=========================================================
2020-08-25 15:14:09,833 [线程ID:1] INFO  记录文件：Microsoft.Hosting.Lifetime - 消息：Now listening on: http://localhost:5000
2020-08-25 15:14:09,858 [线程ID:1] INFO  记录文件：Microsoft.Hosting.Lifetime - 消息：Application started. Press Ctrl+C to shut down.
2020-08-25 15:14:09,860 [线程ID:1] INFO  记录文件：Microsoft.Hosting.Lifetime - 消息：Hosting environment: Development
2020-08-25 15:14:09,862 [线程ID:1] INFO  记录文件：Microsoft.Hosting.Lifetime - 消息：Content root path: D:\work\CloudPlatform\coreApi\trunk\HXCloud\HXCloud.APIV2
2020-08-25 15:14:16,060 [线程ID:5] INFO  记录文件：HXCloud.Service.DeviceVideoService - 消息：hx0001修改标示为1的摄像头成功
=========================================================
2020-08-25 15:15:52,735 [线程ID:1] INFO  记录文件：Microsoft.Hosting.Lifetime - 消息：Now listening on: http://localhost:5000
2020-08-25 15:15:52,758 [线程ID:1] INFO  记录文件：Microsoft.Hosting.Lifetime - 消息：Application started. Press Ctrl+C to shut down.
2020-08-25 15:15:52,760 [线程ID:1] INFO  记录文件：Microsoft.Hosting.Lifetime - 消息：Hosting environment: Development
2020-08-25 15:15:52,763 [线程ID:1] INFO  记录文件：Microsoft.Hosting.Lifetime - 消息：Content root path: D:\work\CloudPlatform\coreApi\trunk\HXCloud\HXCloud.APIV2
=========================================================
2020-08-26 11:00:30,673 [线程ID:1] INFO  记录文件：Microsoft.Hosting.Lifetime - 消息：Now listening on: http://localhost:5000
2020-08-26 11:00:30,690 [线程ID:1] INFO  记录文件：Microsoft.Hosting.Lifetime - 消息：Application started. Press Ctrl+C to shut down.
2020-08-26 11:00:30,692 [线程ID:1] INFO  记录文件：Microsoft.Hosting.Lifetime - 消息：Hosting environment: Development
2020-08-26 11:00:30,694 [线程ID:1] INFO  记录文件：Microsoft.Hosting.Lifetime - 消息：Content root path: D:\work\CloudPlatform\coreApi\trunk\HXCloud\HXCloud.APIV2
=========================================================
2020-08-26 11:11:07,507 [线程ID:1] INFO  记录文件：Microsoft.Hosting.Lifetime - 消息：Now listening on: http://localhost:5000
2020-08-26 11:11:07,523 [线程ID:1] INFO  记录文件：Microsoft.Hosting.Lifetime - 消息：Application started. Press Ctrl+C to shut down.
2020-08-26 11:11:07,525 [线程ID:1] INFO  记录文件：Microsoft.Hosting.Lifetime - 消息：Hosting environment: Development
2020-08-26 11:11:07,527 [线程ID:1] INFO  记录文件：Microsoft.Hosting.Lifetime - 消息：Content root path: D:\work\CloudPlatform\coreApi\trunk\HXCloud\HXCloud.APIV2
2020-08-26 11:22:08,104 [线程ID:30] INFO  记录文件：HXCloud.Service.TypeAccessoryService - 消息：hx0001添加类型配件1002的类型配件成功
=========================================================
2020-08-26 15:20:45,598 [线程ID:1] INFO  记录文件：Microsoft.Hosting.Lifetime - 消息：Now listening on: http://localhost:5000
2020-08-26 15:20:45,627 [线程ID:1] INFO  记录文件：Microsoft.Hosting.Lifetime - 消息：Application started. Press Ctrl+C to shut down.
2020-08-26 15:20:45,629 [线程ID:1] INFO  记录文件：Microsoft.Hosting.Lifetime - 消息：Hosting environment: Development
2020-08-26 15:20:45,632 [线程ID:1] INFO  记录文件：Microsoft.Hosting.Lifetime - 消息：Content root path: D:\work\CloudPlatform\coreApi\trunk\HXCloud\HXCloud.APIV2
=========================================================
2020-08-26 17:31:24,281 [线程ID:1] INFO  记录文件：Microsoft.Hosting.Lifetime - 消息：Now listening on: http://localhost:5000
2020-08-26 17:31:24,307 [线程ID:1] INFO  记录文件：Microsoft.Hosting.Lifetime - 消息：Application started. Press Ctrl+C to shut down.
2020-08-26 17:31:24,311 [线程ID:1] INFO  记录文件：Microsoft.Hosting.Lifetime - 消息：Hosting environment: Development
2020-08-26 17:31:24,314 [线程ID:1] INFO  记录文件：Microsoft.Hosting.Lifetime - 消息：Content root path: D:\work\CloudPlatform\coreApi\trunk\HXCloud\HXCloud.APIV2
=========================================================
2020-08-26 17:33:15,262 [线程ID:1] INFO  记录文件：Microsoft.Hosting.Lifetime - 消息：Now listening on: http://localhost:5000
2020-08-26 17:33:15,288 [线程ID:1] INFO  记录文件：Microsoft.Hosting.Lifetime - 消息：Application started. Press Ctrl+C to shut down.
2020-08-26 17:33:15,291 [线程ID:1] INFO  记录文件：Microsoft.Hosting.Lifetime - 消息：Hosting environment: Development
2020-08-26 17:33:15,319 [线程ID:1] INFO  记录文件：Microsoft.Hosting.Lifetime - 消息：Content root path: D:\work\CloudPlatform\coreApi\trunk\HXCloud\HXCloud.APIV2
2020-08-27 11:35:07,933 [线程ID:50] INFO  记录文件：HXCloud.Service.TypeDataDefineService - 消息：hx0001添加类型数据定义011111成功
2020-08-27 11:37:40,736 [线程ID:50] INFO  记录文件：HXCloud.Service.TypeAccessoryControlDataService - 消息：hx0001创建类型配件控制数据成功
=========================================================
2020-08-28 09:17:12,742 [线程ID:1] INFO  记录文件：Microsoft.Hosting.Lifetime - 消息：Now listening on: http://localhost:5000
2020-08-28 09:17:12,765 [线程ID:1] INFO  记录文件：Microsoft.Hosting.Lifetime - 消息：Application started. Press Ctrl+C to shut down.
2020-08-28 09:17:12,767 [线程ID:1] INFO  记录文件：Microsoft.Hosting.Lifetime - 消息：Hosting environment: Development
2020-08-28 09:17:12,770 [线程ID:1] INFO  记录文件：Microsoft.Hosting.Lifetime - 消息：Content root path: D:\work\CloudPlatform\coreApi\trunk\HXCloud\HXCloud.APIV2
=========================================================
2020-08-28 09:19:43,117 [线程ID:1] INFO  记录文件：Microsoft.Hosting.Lifetime - 消息：Now listening on: http://localhost:5000
2020-08-28 09:19:43,137 [线程ID:1] INFO  记录文件：Microsoft.Hosting.Lifetime - 消息：Application started. Press Ctrl+C to shut down.
2020-08-28 09:19:43,139 [线程ID:1] INFO  记录文件：Microsoft.Hosting.Lifetime - 消息：Hosting environment: Development
2020-08-28 09:19:43,142 [线程ID:1] INFO  记录文件：Microsoft.Hosting.Lifetime - 消息：Content root path: D:\work\CloudPlatform\coreApi\trunk\HXCloud\HXCloud.APIV2
