=========================================================
=========================================================
=========================================================
2020-10-10 16:27:57,731 [线程ID:15] ERROR 记录文件：HXCloud.Service.TypeService - 消息：hx0001拷贝类型失败，源类型标示为3,目标类型标示为2,失败原因：An error occurred while updating the entries. See the inner exception for details.->   at HXCloud.Repository.TypeRepository.CopyTypeAsync(Int32 sourceId, TypeModel target) in D:\work\CloudPlatform\coreApi\trunk\HXCloud\HXCloud.Repository\Repository\TypeRepository.cs:line 96
   at HXCloud.Service.TypeService.CopyTypeAsync(String Account, Int32 sourceId, Int32 targetId) in D:\work\CloudPlatform\coreApi\trunk\HXCloud\HXCloud.Service\Service\TypeService.cs:line 290->Microsoft.Data.SqlClient.SqlException (0x80131904): 当 IDENTITY_INSERT 设置为 OFF 时，不能为表 'TypeDataDefine' 中的标识列插入显式值。
   at Microsoft.Data.SqlClient.SqlConnection.OnError(SqlException exception, Boolean breakConnection, Action`1 wrapCloseInAction)
   at Microsoft.Data.SqlClient.SqlInternalConnection.OnError(SqlException exception, Boolean breakConnection, Action`1 wrapCloseInAction)
   at Microsoft.Data.SqlClient.TdsParser.ThrowExceptionAndWarning(TdsParserStateObject stateObj, Boolean callerHasConnectionLock, Boolean asyncClose)
   at Microsoft.Data.SqlClient.TdsParser.TryRun(RunBehavior runBehavior, SqlCommand cmdHandler, SqlDataReader dataStream, BulkCopySimpleResultSet bulkCopyHandler, TdsParserStateObject stateObj, Boolean& dataReady)
   at Microsoft.Data.SqlClient.SqlDataReader.TryConsumeMetaData()
   at Microsoft.Data.SqlClient.SqlDataReader.get_MetaData()
   at Microsoft.Data.SqlClient.SqlCommand.FinishExecuteReader(SqlDataReader ds, RunBehavior runBehavior, String resetOptionsString, Boolean isInternal, Boolean forDescribeParameterEncryption, Boolean shouldCacheForAlwaysEncrypted)
   at Microsoft.Data.SqlClient.SqlCommand.RunExecuteReaderTds(CommandBehavior cmdBehavior, RunBehavior runBehavior, Boolean returnStream, Boolean isAsync, Int32 timeout, Task& task, Boolean asyncWrite, Boolean inRetry, SqlDataReader ds, Boolean describeParameterEncryptionRequest)
   at Microsoft.Data.SqlClient.SqlCommand.RunExecuteReader(CommandBehavior cmdBehavior, RunBehavior runBehavior, Boolean returnStream, TaskCompletionSource`1 completion, Int32 timeout, Task& task, Boolean& usedCache, Boolean asyncWrite, Boolean inRetry, String method)
   at Microsoft.Data.SqlClient.SqlCommand.RunExecuteReader(CommandBehavior cmdBehavior, RunBehavior runBehavior, Boolean returnStream, String method)
   at Microsoft.Data.SqlClient.SqlCommand.ExecuteReader(CommandBehavior behavior)
   at Microsoft.Data.SqlClient.SqlCommand.ExecuteDbDataReader(CommandBehavior behavior)
   at System.Data.Common.DbCommand.ExecuteReader()
   at Microsoft.EntityFrameworkCore.Storage.RelationalCommand.ExecuteReader(RelationalCommandParameterObject parameterObject)
   at Microsoft.EntityFrameworkCore.Update.ReaderModificationCommandBatch.Execute(IRelationalConnection connection)
ClientConnectionId:0d2690c7-3920-450c-a66e-fe9359bbb0f6
Error Number:544,State:1,Class:16
=========================================================
=========================================================
2020-10-10 16:41:58,915 [线程ID:14] ERROR 记录文件：HXCloud.Service.TypeService - 消息：hx0001拷贝类型失败，源类型标示为3,目标类型标示为2,失败原因：An error occurred while updating the entries. See the inner exception for details.->   at HXCloud.Repository.TypeRepository.CopyTypeAsync(Int32 sourceId, TypeModel target) in D:\work\CloudPlatform\coreApi\trunk\HXCloud\HXCloud.Repository\Repository\TypeRepository.cs:line 99
   at HXCloud.Service.TypeService.CopyTypeAsync(String Account, Int32 sourceId, Int32 targetId) in D:\work\CloudPlatform\coreApi\trunk\HXCloud\HXCloud.Service\Service\TypeService.cs:line 290->Microsoft.Data.SqlClient.SqlException (0x80131904): 当 IDENTITY_INSERT 设置为 OFF 时，不能为表 'TypeDataDefine' 中的标识列插入显式值。
   at Microsoft.Data.SqlClient.SqlConnection.OnError(SqlException exception, Boolean breakConnection, Action`1 wrapCloseInAction)
   at Microsoft.Data.SqlClient.SqlInternalConnection.OnError(SqlException exception, Boolean breakConnection, Action`1 wrapCloseInAction)
   at Microsoft.Data.SqlClient.TdsParser.ThrowExceptionAndWarning(TdsParserStateObject stateObj, Boolean callerHasConnectionLock, Boolean asyncClose)
   at Microsoft.Data.SqlClient.TdsParser.TryRun(RunBehavior runBehavior, SqlCommand cmdHandler, SqlDataReader dataStream, BulkCopySimpleResultSet bulkCopyHandler, TdsParserStateObject stateObj, Boolean& dataReady)
   at Microsoft.Data.SqlClient.SqlDataReader.TryConsumeMetaData()
   at Microsoft.Data.SqlClient.SqlDataReader.get_MetaData()
   at Microsoft.Data.SqlClient.SqlCommand.FinishExecuteReader(SqlDataReader ds, RunBehavior runBehavior, String resetOptionsString, Boolean isInternal, Boolean forDescribeParameterEncryption, Boolean shouldCacheForAlwaysEncrypted)
   at Microsoft.Data.SqlClient.SqlCommand.RunExecuteReaderTds(CommandBehavior cmdBehavior, RunBehavior runBehavior, Boolean returnStream, Boolean isAsync, Int32 timeout, Task& task, Boolean asyncWrite, Boolean inRetry, SqlDataReader ds, Boolean describeParameterEncryptionRequest)
   at Microsoft.Data.SqlClient.SqlCommand.RunExecuteReader(CommandBehavior cmdBehavior, RunBehavior runBehavior, Boolean returnStream, TaskCompletionSource`1 completion, Int32 timeout, Task& task, Boolean& usedCache, Boolean asyncWrite, Boolean inRetry, String method)
   at Microsoft.Data.SqlClient.SqlCommand.RunExecuteReader(CommandBehavior cmdBehavior, RunBehavior runBehavior, Boolean returnStream, String method)
   at Microsoft.Data.SqlClient.SqlCommand.ExecuteReader(CommandBehavior behavior)
   at Microsoft.Data.SqlClient.SqlCommand.ExecuteDbDataReader(CommandBehavior behavior)
   at System.Data.Common.DbCommand.ExecuteReader()
   at Microsoft.EntityFrameworkCore.Storage.RelationalCommand.ExecuteReader(RelationalCommandParameterObject parameterObject)
   at Microsoft.EntityFrameworkCore.Update.ReaderModificationCommandBatch.Execute(IRelationalConnection connection)
ClientConnectionId:e06974d2-f769-475a-bb24-7ea83da2aca5
Error Number:544,State:1,Class:16
=========================================================
=========================================================
2020-10-10 16:59:05,356 [线程ID:11] ERROR 记录文件：HXCloud.Service.TypeService - 消息：hx0001拷贝类型失败，源类型标示为3,目标类型标示为2,失败原因：Object reference not set to an instance of an object.->   at HXCloud.Repository.TypeRepository.CopyTypeAsync(Int32 sourceId, TypeModel target) in D:\work\CloudPlatform\coreApi\trunk\HXCloud\HXCloud.Repository\Repository\TypeRepository.cs:line 121
   at HXCloud.Service.TypeService.CopyTypeAsync(String Account, Int32 sourceId, Int32 targetId) in D:\work\CloudPlatform\coreApi\trunk\HXCloud\HXCloud.Service\Service\TypeService.cs:line 290->
=========================================================
=========================================================
=========================================================
=========================================================
=========================================================
=========================================================
2020-10-13 10:41:14,065 [线程ID:5] ERROR 记录文件：Microsoft.AspNetCore.Diagnostics.DeveloperExceptionPageMiddleware - 消息：An unhandled exception has occurred while executing the request.
System.NullReferenceException: Object reference not set to an instance of an object.
   at HXCloud.Service.TypeDataDefineService.GetTypeDataDefines(Int32 typeId, TypeDataDefinePageRequest req) in D:\work\CloudPlatform\coreApi\trunk\HXCloud\HXCloud.Service\Service\TypeDataDefineService.cs:line 235
   at HXCloud.APIV2.Controllers.TypeDataDefineController.Get(Int32 typeId, TypeDataDefinePageRequest req) in D:\work\CloudPlatform\coreApi\trunk\HXCloud\HXCloud.APIV2\Controllers\TypeDataDefineController.cs:line 158
   at lambda_method(Closure , Object )
   at Microsoft.Extensions.Internal.ObjectMethodExecutorAwaitable.Awaiter.GetResult()
   at Microsoft.AspNetCore.Mvc.Infrastructure.ActionMethodExecutor.AwaitableObjectResultExecutor.Execute(IActionResultTypeMapper mapper, ObjectMethodExecutor executor, Object controller, Object[] arguments)
   at Microsoft.AspNetCore.Mvc.Infrastructure.ControllerActionInvoker.<InvokeActionMethodAsync>g__Awaited|12_0(ControllerActionInvoker invoker, ValueTask`1 actionResultValueTask)
   at Microsoft.AspNetCore.Mvc.Infrastructure.ControllerActionInvoker.<InvokeNextActionFilterAsync>g__Awaited|10_0(ControllerActionInvoker invoker, Task lastTask, State next, Scope scope, Object state, Boolean isCompleted)
   at Microsoft.AspNetCore.Mvc.Infrastructure.ControllerActionInvoker.Rethrow(ActionExecutedContextSealed context)
   at Microsoft.AspNetCore.Mvc.Infrastructure.ControllerActionInvoker.Next(State& next, Scope& scope, Object& state, Boolean& isCompleted)
   at Microsoft.AspNetCore.Mvc.Infrastructure.ControllerActionInvoker.<InvokeInnerFilterAsync>g__Awaited|13_0(ControllerActionInvoker invoker, Task lastTask, State next, Scope scope, Object state, Boolean isCompleted)
   at Microsoft.AspNetCore.Mvc.Infrastructure.ResourceInvoker.<InvokeFilterPipelineAsync>g__Awaited|19_0(ResourceInvoker invoker, Task lastTask, State next, Scope scope, Object state, Boolean isCompleted)
   at Microsoft.AspNetCore.Mvc.Infrastructure.ResourceInvoker.<InvokeAsync>g__Awaited|17_0(ResourceInvoker invoker, Task task, IDisposable scope)
   at Microsoft.AspNetCore.Routing.EndpointMiddleware.<Invoke>g__AwaitRequestTask|6_0(Endpoint endpoint, Task requestTask, ILogger logger)
   at Swashbuckle.AspNetCore.SwaggerUI.SwaggerUIMiddleware.Invoke(HttpContext httpContext)
   at Swashbuckle.AspNetCore.Swagger.SwaggerMiddleware.Invoke(HttpContext httpContext, ISwaggerProvider swaggerProvider)
   at Microsoft.AspNetCore.Authorization.AuthorizationMiddleware.Invoke(HttpContext context)
   at Microsoft.AspNetCore.Authentication.AuthenticationMiddleware.Invoke(HttpContext context)
   at Microsoft.AspNetCore.Diagnostics.DeveloperExceptionPageMiddleware.Invoke(HttpContext context)
=========================================================
=========================================================
=========================================================
2020-10-16 16:08:31,225 [线程ID:4] ERROR 记录文件：Microsoft.AspNetCore.Diagnostics.DeveloperExceptionPageMiddleware - 消息：An unhandled exception has occurred while executing the request.
AutoMapper.AutoMapperMappingException: Error mapping types.

Mapping types:
List`1 -> List`1
System.Collections.Generic.List`1[[HXCloud.Model.RoleProjectModel, HXCloud.Model, Version=1.0.0.0, Culture=neutral, PublicKeyToken=null]] -> System.Collections.Generic.List`1[[HXCloud.ViewModel.RoleProjectDto, HXCloud.ViewModel, Version=1.0.0.0, Culture=neutral, PublicKeyToken=null]]
 ---> AutoMapper.AutoMapperMappingException: Missing type map configuration or unsupported mapping.

Mapping types:
RoleProjectModel -> RoleProjectDto
HXCloud.Model.RoleProjectModel -> HXCloud.ViewModel.RoleProjectDto
   at lambda_method(Closure , RoleProjectModel , RoleProjectDto , ResolutionContext )
   at lambda_method(Closure , List`1 , List`1 , ResolutionContext )
   --- End of inner exception stack trace ---
   at lambda_method(Closure , List`1 , List`1 , ResolutionContext )
   at lambda_method(Closure , Object , Object , ResolutionContext )
   at HXCloud.Service.RoleProjectService.GetRoleProjectAsync(Int32 roleId) in D:\work\CloudPlatform\coreApi\trunk\HXCloud\HXCloud.Service\Service\RoleProjectService.cs:line 64
   at HXCloud.APIV2.Controllers.RoleProjectController.GetRoleProjectAsync(String GroupId, Int32 roleId) in D:\work\CloudPlatform\coreApi\trunk\HXCloud\HXCloud.APIV2\Controllers\RoleProjectController.cs:line 105
   at lambda_method(Closure , Object )
   at Microsoft.Extensions.Internal.ObjectMethodExecutorAwaitable.Awaiter.GetResult()
   at Microsoft.AspNetCore.Mvc.Infrastructure.ActionMethodExecutor.AwaitableObjectResultExecutor.Execute(IActionResultTypeMapper mapper, ObjectMethodExecutor executor, Object controller, Object[] arguments)
   at Microsoft.AspNetCore.Mvc.Infrastructure.ControllerActionInvoker.<InvokeActionMethodAsync>g__Awaited|12_0(ControllerActionInvoker invoker, ValueTask`1 actionResultValueTask)
   at Microsoft.AspNetCore.Mvc.Infrastructure.ControllerActionInvoker.<InvokeNextActionFilterAsync>g__Awaited|10_0(ControllerActionInvoker invoker, Task lastTask, State next, Scope scope, Object state, Boolean isCompleted)
   at Microsoft.AspNetCore.Mvc.Infrastructure.ControllerActionInvoker.Rethrow(ActionExecutedContextSealed context)
   at Microsoft.AspNetCore.Mvc.Infrastructure.ControllerActionInvoker.Next(State& next, Scope& scope, Object& state, Boolean& isCompleted)
   at Microsoft.AspNetCore.Mvc.Infrastructure.ControllerActionInvoker.<InvokeInnerFilterAsync>g__Awaited|13_0(ControllerActionInvoker invoker, Task lastTask, State next, Scope scope, Object state, Boolean isCompleted)
   at Microsoft.AspNetCore.Mvc.Infrastructure.ResourceInvoker.<InvokeFilterPipelineAsync>g__Awaited|19_0(ResourceInvoker invoker, Task lastTask, State next, Scope scope, Object state, Boolean isCompleted)
   at Microsoft.AspNetCore.Mvc.Infrastructure.ResourceInvoker.<InvokeAsync>g__Awaited|17_0(ResourceInvoker invoker, Task task, IDisposable scope)
   at Microsoft.AspNetCore.Routing.EndpointMiddleware.<Invoke>g__AwaitRequestTask|6_0(Endpoint endpoint, Task requestTask, ILogger logger)
   at Swashbuckle.AspNetCore.SwaggerUI.SwaggerUIMiddleware.Invoke(HttpContext httpContext)
   at Swashbuckle.AspNetCore.Swagger.SwaggerMiddleware.Invoke(HttpContext httpContext, ISwaggerProvider swaggerProvider)
   at Microsoft.AspNetCore.Authorization.AuthorizationMiddleware.Invoke(HttpContext context)
   at Microsoft.AspNetCore.Authentication.AuthenticationMiddleware.Invoke(HttpContext context)
   at Microsoft.AspNetCore.Diagnostics.DeveloperExceptionPageMiddleware.Invoke(HttpContext context)
=========================================================
2020-10-20 17:26:33,162 [线程ID:5] ERROR 记录文件：Microsoft.AspNetCore.Diagnostics.DeveloperExceptionPageMiddleware - 消息：An unhandled exception has occurred while executing the request.
Swashbuckle.AspNetCore.SwaggerGen.SwaggerGeneratorException: Conflicting method/path combination "POST api/{GroupId}/Type/{Copy}" for actions - HXCloud.APIV2.Controllers.TypeController.CopyTo (HXCloud.APIV2),HXCloud.APIV2.Controllers.TypeController.CopyFilesAsync (HXCloud.APIV2). Actions require a unique method/path combination for Swagger/OpenAPI 3.0. Use ConflictingActionsResolver as a workaround
   at Swashbuckle.AspNetCore.SwaggerGen.SwaggerGenerator.GenerateOperations(IEnumerable`1 apiDescriptions, SchemaRepository schemaRepository)
   at Swashbuckle.AspNetCore.SwaggerGen.SwaggerGenerator.GeneratePaths(IEnumerable`1 apiDescriptions, SchemaRepository schemaRepository)
   at Swashbuckle.AspNetCore.SwaggerGen.SwaggerGenerator.GetSwagger(String documentName, String host, String basePath)
   at Swashbuckle.AspNetCore.Swagger.SwaggerMiddleware.Invoke(HttpContext httpContext, ISwaggerProvider swaggerProvider)
   at Microsoft.AspNetCore.Authorization.AuthorizationMiddleware.Invoke(HttpContext context)
   at Microsoft.AspNetCore.Authentication.AuthenticationMiddleware.Invoke(HttpContext context)
   at Microsoft.AspNetCore.Diagnostics.DeveloperExceptionPageMiddleware.Invoke(HttpContext context)
=========================================================
2020-10-20 17:29:15,358 [线程ID:5] ERROR 记录文件：Microsoft.AspNetCore.Diagnostics.DeveloperExceptionPageMiddleware - 消息：An unhandled exception has occurred while executing the request.
Swashbuckle.AspNetCore.SwaggerGen.SwaggerGeneratorException: Conflicting method/path combination "POST api/{GroupId}/Type/{Copy}" for actions - HXCloud.APIV2.Controllers.TypeController.CopyTo (HXCloud.APIV2),HXCloud.APIV2.Controllers.TypeController.CopyFilesAsync (HXCloud.APIV2). Actions require a unique method/path combination for Swagger/OpenAPI 3.0. Use ConflictingActionsResolver as a workaround
   at Swashbuckle.AspNetCore.SwaggerGen.SwaggerGenerator.GenerateOperations(IEnumerable`1 apiDescriptions, SchemaRepository schemaRepository)
   at Swashbuckle.AspNetCore.SwaggerGen.SwaggerGenerator.GeneratePaths(IEnumerable`1 apiDescriptions, SchemaRepository schemaRepository)
   at Swashbuckle.AspNetCore.SwaggerGen.SwaggerGenerator.GetSwagger(String documentName, String host, String basePath)
   at Swashbuckle.AspNetCore.Swagger.SwaggerMiddleware.Invoke(HttpContext httpContext, ISwaggerProvider swaggerProvider)
   at Microsoft.AspNetCore.Authorization.AuthorizationMiddleware.Invoke(HttpContext context)
   at Microsoft.AspNetCore.Authentication.AuthenticationMiddleware.Invoke(HttpContext context)
   at Microsoft.AspNetCore.Diagnostics.DeveloperExceptionPageMiddleware.Invoke(HttpContext context)
=========================================================
2020-10-20 17:37:31,380 [线程ID:16] ERROR 记录文件：Microsoft.AspNetCore.Diagnostics.DeveloperExceptionPageMiddleware - 消息：An unhandled exception has occurred while executing the request.
System.ArgumentOutOfRangeException: Length cannot be less than zero. (Parameter 'length')
   at System.String.Substring(Int32 startIndex, Int32 length)
   at HXCloud.APIV2.Controllers.TypeController.CopyFilesAsync(String GroupId, TypeCopyDto req) in D:\work\CloudPlatform\coreApi\trunk\HXCloud\HXCloud.APIV2\Controllers\TypeController.cs:line 161
   at lambda_method(Closure , Object )
   at Microsoft.Extensions.Internal.ObjectMethodExecutorAwaitable.Awaiter.GetResult()
   at Microsoft.AspNetCore.Mvc.Infrastructure.ActionMethodExecutor.AwaitableObjectResultExecutor.Execute(IActionResultTypeMapper mapper, ObjectMethodExecutor executor, Object controller, Object[] arguments)
   at Microsoft.AspNetCore.Mvc.Infrastructure.ControllerActionInvoker.<InvokeActionMethodAsync>g__Awaited|12_0(ControllerActionInvoker invoker, ValueTask`1 actionResultValueTask)
   at Microsoft.AspNetCore.Mvc.Infrastructure.ControllerActionInvoker.<InvokeNextActionFilterAsync>g__Awaited|10_0(ControllerActionInvoker invoker, Task lastTask, State next, Scope scope, Object state, Boolean isCompleted)
   at Microsoft.AspNetCore.Mvc.Infrastructure.ControllerActionInvoker.Rethrow(ActionExecutedContextSealed context)
   at Microsoft.AspNetCore.Mvc.Infrastructure.ControllerActionInvoker.Next(State& next, Scope& scope, Object& state, Boolean& isCompleted)
   at Microsoft.AspNetCore.Mvc.Infrastructure.ControllerActionInvoker.<InvokeInnerFilterAsync>g__Awaited|13_0(ControllerActionInvoker invoker, Task lastTask, State next, Scope scope, Object state, Boolean isCompleted)
   at Microsoft.AspNetCore.Mvc.Infrastructure.ResourceInvoker.<InvokeFilterPipelineAsync>g__Awaited|19_0(ResourceInvoker invoker, Task lastTask, State next, Scope scope, Object state, Boolean isCompleted)
   at Microsoft.AspNetCore.Mvc.Infrastructure.ResourceInvoker.<InvokeAsync>g__Awaited|17_0(ResourceInvoker invoker, Task task, IDisposable scope)
   at Microsoft.AspNetCore.Routing.EndpointMiddleware.<Invoke>g__AwaitRequestTask|6_0(Endpoint endpoint, Task requestTask, ILogger logger)
   at Swashbuckle.AspNetCore.SwaggerUI.SwaggerUIMiddleware.Invoke(HttpContext httpContext)
   at Swashbuckle.AspNetCore.Swagger.SwaggerMiddleware.Invoke(HttpContext httpContext, ISwaggerProvider swaggerProvider)
   at Microsoft.AspNetCore.Authorization.AuthorizationMiddleware.Invoke(HttpContext context)
   at Microsoft.AspNetCore.Authentication.AuthenticationMiddleware.Invoke(HttpContext context)
   at Microsoft.AspNetCore.Diagnostics.DeveloperExceptionPageMiddleware.Invoke(HttpContext context)
2020-10-20 17:39:46,543 [线程ID:14] ERROR 记录文件：Microsoft.AspNetCore.Diagnostics.DeveloperExceptionPageMiddleware - 消息：An unhandled exception has occurred while executing the request.
System.ArgumentOutOfRangeException: Length cannot be less than zero. (Parameter 'length')
   at System.String.Substring(Int32 startIndex, Int32 length)
   at HXCloud.APIV2.Controllers.TypeController.CopyFilesAsync(String GroupId, TypeCopyDto req) in D:\work\CloudPlatform\coreApi\trunk\HXCloud\HXCloud.APIV2\Controllers\TypeController.cs:line 161
   at lambda_method(Closure , Object )
   at Microsoft.Extensions.Internal.ObjectMethodExecutorAwaitable.Awaiter.GetResult()
   at Microsoft.AspNetCore.Mvc.Infrastructure.ActionMethodExecutor.AwaitableObjectResultExecutor.Execute(IActionResultTypeMapper mapper, ObjectMethodExecutor executor, Object controller, Object[] arguments)
   at Microsoft.AspNetCore.Mvc.Infrastructure.ControllerActionInvoker.<InvokeActionMethodAsync>g__Awaited|12_0(ControllerActionInvoker invoker, ValueTask`1 actionResultValueTask)
   at Microsoft.AspNetCore.Mvc.Infrastructure.ControllerActionInvoker.<InvokeNextActionFilterAsync>g__Awaited|10_0(ControllerActionInvoker invoker, Task lastTask, State next, Scope scope, Object state, Boolean isCompleted)
   at Microsoft.AspNetCore.Mvc.Infrastructure.ControllerActionInvoker.Rethrow(ActionExecutedContextSealed context)
   at Microsoft.AspNetCore.Mvc.Infrastructure.ControllerActionInvoker.Next(State& next, Scope& scope, Object& state, Boolean& isCompleted)
   at Microsoft.AspNetCore.Mvc.Infrastructure.ControllerActionInvoker.<InvokeInnerFilterAsync>g__Awaited|13_0(ControllerActionInvoker invoker, Task lastTask, State next, Scope scope, Object state, Boolean isCompleted)
   at Microsoft.AspNetCore.Mvc.Infrastructure.ResourceInvoker.<InvokeFilterPipelineAsync>g__Awaited|19_0(ResourceInvoker invoker, Task lastTask, State next, Scope scope, Object state, Boolean isCompleted)
   at Microsoft.AspNetCore.Mvc.Infrastructure.ResourceInvoker.<InvokeAsync>g__Awaited|17_0(ResourceInvoker invoker, Task task, IDisposable scope)
   at Microsoft.AspNetCore.Routing.EndpointMiddleware.<Invoke>g__AwaitRequestTask|6_0(Endpoint endpoint, Task requestTask, ILogger logger)
   at Swashbuckle.AspNetCore.SwaggerUI.SwaggerUIMiddleware.Invoke(HttpContext httpContext)
   at Swashbuckle.AspNetCore.Swagger.SwaggerMiddleware.Invoke(HttpContext httpContext, ISwaggerProvider swaggerProvider)
   at Microsoft.AspNetCore.Authorization.AuthorizationMiddleware.Invoke(HttpContext context)
   at Microsoft.AspNetCore.Authentication.AuthenticationMiddleware.Invoke(HttpContext context)
   at Microsoft.AspNetCore.Diagnostics.DeveloperExceptionPageMiddleware.Invoke(HttpContext context)
=========================================================
2020-10-20 17:41:06,505 [线程ID:15] ERROR 记录文件：Microsoft.AspNetCore.Diagnostics.DeveloperExceptionPageMiddleware - 消息：An unhandled exception has occurred while executing the request.
System.ArgumentOutOfRangeException: Length cannot be less than zero. (Parameter 'length')
   at System.String.Substring(Int32 startIndex, Int32 length)
   at HXCloud.APIV2.Controllers.TypeController.CopyFilesAsync(String GroupId, TypeCopyDto req) in D:\work\CloudPlatform\coreApi\trunk\HXCloud\HXCloud.APIV2\Controllers\TypeController.cs:line 161
   at lambda_method(Closure , Object )
   at Microsoft.Extensions.Internal.ObjectMethodExecutorAwaitable.Awaiter.GetResult()
   at Microsoft.AspNetCore.Mvc.Infrastructure.ActionMethodExecutor.AwaitableObjectResultExecutor.Execute(IActionResultTypeMapper mapper, ObjectMethodExecutor executor, Object controller, Object[] arguments)
   at Microsoft.AspNetCore.Mvc.Infrastructure.ControllerActionInvoker.<InvokeActionMethodAsync>g__Awaited|12_0(ControllerActionInvoker invoker, ValueTask`1 actionResultValueTask)
   at Microsoft.AspNetCore.Mvc.Infrastructure.ControllerActionInvoker.<InvokeNextActionFilterAsync>g__Awaited|10_0(ControllerActionInvoker invoker, Task lastTask, State next, Scope scope, Object state, Boolean isCompleted)
   at Microsoft.AspNetCore.Mvc.Infrastructure.ControllerActionInvoker.Rethrow(ActionExecutedContextSealed context)
   at Microsoft.AspNetCore.Mvc.Infrastructure.ControllerActionInvoker.Next(State& next, Scope& scope, Object& state, Boolean& isCompleted)
   at Microsoft.AspNetCore.Mvc.Infrastructure.ControllerActionInvoker.<InvokeInnerFilterAsync>g__Awaited|13_0(ControllerActionInvoker invoker, Task lastTask, State next, Scope scope, Object state, Boolean isCompleted)
   at Microsoft.AspNetCore.Mvc.Infrastructure.ResourceInvoker.<InvokeFilterPipelineAsync>g__Awaited|19_0(ResourceInvoker invoker, Task lastTask, State next, Scope scope, Object state, Boolean isCompleted)
   at Microsoft.AspNetCore.Mvc.Infrastructure.ResourceInvoker.<InvokeAsync>g__Awaited|17_0(ResourceInvoker invoker, Task task, IDisposable scope)
   at Microsoft.AspNetCore.Routing.EndpointMiddleware.<Invoke>g__AwaitRequestTask|6_0(Endpoint endpoint, Task requestTask, ILogger logger)
   at Swashbuckle.AspNetCore.SwaggerUI.SwaggerUIMiddleware.Invoke(HttpContext httpContext)
   at Swashbuckle.AspNetCore.Swagger.SwaggerMiddleware.Invoke(HttpContext httpContext, ISwaggerProvider swaggerProvider)
   at Microsoft.AspNetCore.Authorization.AuthorizationMiddleware.Invoke(HttpContext context)
   at Microsoft.AspNetCore.Authentication.AuthenticationMiddleware.Invoke(HttpContext context)
   at Microsoft.AspNetCore.Diagnostics.DeveloperExceptionPageMiddleware.Invoke(HttpContext context)
2020-10-20 17:41:44,034 [线程ID:13] ERROR 记录文件：Microsoft.AspNetCore.Diagnostics.DeveloperExceptionPageMiddleware - 消息：An unhandled exception has occurred while executing the request.
System.ArgumentOutOfRangeException: Length cannot be less than zero. (Parameter 'length')
   at System.String.Substring(Int32 startIndex, Int32 length)
   at HXCloud.APIV2.Controllers.TypeController.CopyFilesAsync(String GroupId, TypeCopyDto req) in D:\work\CloudPlatform\coreApi\trunk\HXCloud\HXCloud.APIV2\Controllers\TypeController.cs:line 161
   at lambda_method(Closure , Object )
   at Microsoft.Extensions.Internal.ObjectMethodExecutorAwaitable.Awaiter.GetResult()
   at Microsoft.AspNetCore.Mvc.Infrastructure.ActionMethodExecutor.AwaitableObjectResultExecutor.Execute(IActionResultTypeMapper mapper, ObjectMethodExecutor executor, Object controller, Object[] arguments)
   at Microsoft.AspNetCore.Mvc.Infrastructure.ControllerActionInvoker.<InvokeActionMethodAsync>g__Awaited|12_0(ControllerActionInvoker invoker, ValueTask`1 actionResultValueTask)
   at Microsoft.AspNetCore.Mvc.Infrastructure.ControllerActionInvoker.<InvokeNextActionFilterAsync>g__Awaited|10_0(ControllerActionInvoker invoker, Task lastTask, State next, Scope scope, Object state, Boolean isCompleted)
   at Microsoft.AspNetCore.Mvc.Infrastructure.ControllerActionInvoker.Rethrow(ActionExecutedContextSealed context)
   at Microsoft.AspNetCore.Mvc.Infrastructure.ControllerActionInvoker.Next(State& next, Scope& scope, Object& state, Boolean& isCompleted)
   at Microsoft.AspNetCore.Mvc.Infrastructure.ControllerActionInvoker.<InvokeInnerFilterAsync>g__Awaited|13_0(ControllerActionInvoker invoker, Task lastTask, State next, Scope scope, Object state, Boolean isCompleted)
   at Microsoft.AspNetCore.Mvc.Infrastructure.ResourceInvoker.<InvokeFilterPipelineAsync>g__Awaited|19_0(ResourceInvoker invoker, Task lastTask, State next, Scope scope, Object state, Boolean isCompleted)
   at Microsoft.AspNetCore.Mvc.Infrastructure.ResourceInvoker.<InvokeAsync>g__Awaited|17_0(ResourceInvoker invoker, Task task, IDisposable scope)
   at Microsoft.AspNetCore.Routing.EndpointMiddleware.<Invoke>g__AwaitRequestTask|6_0(Endpoint endpoint, Task requestTask, ILogger logger)
   at Swashbuckle.AspNetCore.SwaggerUI.SwaggerUIMiddleware.Invoke(HttpContext httpContext)
   at Swashbuckle.AspNetCore.Swagger.SwaggerMiddleware.Invoke(HttpContext httpContext, ISwaggerProvider swaggerProvider)
   at Microsoft.AspNetCore.Authorization.AuthorizationMiddleware.Invoke(HttpContext context)
   at Microsoft.AspNetCore.Authentication.AuthenticationMiddleware.Invoke(HttpContext context)
   at Microsoft.AspNetCore.Diagnostics.DeveloperExceptionPageMiddleware.Invoke(HttpContext context)
=========================================================
2020-10-20 17:46:20,925 [线程ID:16] ERROR 记录文件：HXCloud.Service.TypeService - 消息：hx0001拷贝源类型3到目标类型32的文件拷贝失败，失败原因：Could not find file 'D:\work\CloudPlatform\coreApi\trunk\HXCloud\HXCloud.APIV2\wwwroot\Image\057a556af24f494094a2586fbe9335a4\TypeImage\3\20200821043629.jpg'.->   at HXCloud.Repository.TypeRepository.CopyTypeFileAsync(String Account, String filePath, String imagePath, Int32 sourceId, Int32 targetId) in D:\work\CloudPlatform\coreApi\trunk\HXCloud\HXCloud.Repository\Repository\TypeRepository.cs:line 505
   at HXCloud.Service.TypeService.CopyTypeFilesAsync(String Account, String FilePath, String ImagePath, Int32 SourceId, Int32 TargetId) in D:\work\CloudPlatform\coreApi\trunk\HXCloud\HXCloud.Service\Service\TypeService.cs:line 339->
=========================================================
2020-10-21 10:17:47,394 [线程ID:6] ERROR 记录文件：HXCloud.Service.TypeService - 消息：hx0001拷贝源类型3到目标类型32的文件拷贝失败，失败原因：Could not find file 'D:\work\CloudPlatform\coreApi\trunk\HXCloud\HXCloud.APIV2\wwwroot\Image\057a556af24f494094a2586fbe9335a4\TypeImage\3\20200821043629.jpg'.->   at HXCloud.Repository.TypeRepository.CopyTypeFileAsync(String Account, String filePath, String imagePath, Int32 sourceId, Int32 targetId) in D:\work\CloudPlatform\coreApi\trunk\HXCloud\HXCloud.Repository\Repository\TypeRepository.cs:line 505
   at HXCloud.Service.TypeService.CopyTypeFilesAsync(String Account, String FilePath, String ImagePath, Int32 SourceId, Int32 TargetId) in D:\work\CloudPlatform\coreApi\trunk\HXCloud\HXCloud.Service\Service\TypeService.cs:line 339->
=========================================================
2020-10-21 11:06:44,270 [线程ID:4] ERROR 记录文件：HXCloud.Service.TypeService - 消息：hx0001拷贝源类型3到目标类型1030的文件拷贝失败，失败原因：The file 'D:\work\CloudPlatform\coreApi\trunk\HXCloud\HXCloud.APIV2\wwwroot\Image\057a556af24f494094a2586fbe9335a4\TypeImage\1030\20200821043629.jpg' already exists.->   at HXCloud.Repository.TypeRepository.CopyTypeFileAsync(String Account, String filePath, String imagePath, Int32 sourceId, Int32 targetId) in D:\work\CloudPlatform\coreApi\trunk\HXCloud\HXCloud.Repository\Repository\TypeRepository.cs:line 530
   at HXCloud.Service.TypeService.CopyTypeFilesAsync(String Account, String FilePath, String ImagePath, Int32 SourceId, Int32 TargetId) in D:\work\CloudPlatform\coreApi\trunk\HXCloud\HXCloud.Service\Service\TypeService.cs:line 339->
